2025-12-20 00:52:11,293 - INFO - Loaded metadata for 290 schools
2025-12-20 00:52:11,326 - INFO - Loaded INVALSI data for 246 schools
2025-12-20 00:52:11,327 - INFO - 📂 FULL MODE: Found 106 PDF files
2025-12-20 00:52:11,328 - INFO - Analyzing AGIS018009...
2025-12-20 00:52:11,415 - INFO - Extracted 1 chunks for AGIS018009
2025-12-20 00:52:11,415 - WARNING - ⏩ SKIPPED AGIS018009: Not recognized as PTOF
2025-12-20 00:52:11,416 - INFO - Analyzing AGPC010001...
2025-12-20 00:52:17,130 - INFO - Extracted 62 chunks for AGPC010001
2025-12-20 00:52:17,130 - INFO -   Processing chunk 1/62...
2025-12-20 00:52:22,884 - INFO -   Processing chunk 2/62...
2025-12-20 00:52:30,656 - INFO -   Processing chunk 3/62...
2025-12-20 00:52:46,776 - INFO -   Processing chunk 4/62...
2025-12-20 00:52:53,736 - INFO -   Processing chunk 5/62...
2025-12-20 00:52:59,347 - INFO -   Processing chunk 6/62...
2025-12-20 00:53:05,029 - INFO -   Processing chunk 7/62...
2025-12-20 00:53:10,015 - INFO -   Processing chunk 8/62...
2025-12-20 00:53:16,603 - INFO -   Processing chunk 9/62...
2025-12-20 00:53:22,118 - INFO -   Processing chunk 10/62...
2025-12-20 00:53:28,482 - INFO -   Processing chunk 11/62...
2025-12-20 00:53:32,960 - INFO -   Processing chunk 12/62...
2025-12-20 00:53:39,858 - INFO -   Processing chunk 13/62...
2025-12-20 00:53:46,684 - INFO -   Processing chunk 14/62...
2025-12-20 00:53:53,240 - INFO -   Processing chunk 15/62...
2025-12-20 00:54:01,618 - INFO -   Processing chunk 16/62...
2025-12-20 00:54:08,081 - INFO -   Processing chunk 17/62...
2025-12-20 00:54:14,234 - INFO -   Processing chunk 18/62...
2025-12-20 00:54:22,396 - INFO -   Processing chunk 19/62...
2025-12-20 00:54:28,641 - INFO -   Processing chunk 20/62...
2025-12-20 00:54:34,055 - INFO -   Processing chunk 21/62...
2025-12-20 00:54:41,037 - INFO -   Processing chunk 22/62...
2025-12-20 00:54:47,723 - INFO -   Processing chunk 23/62...
2025-12-20 00:54:55,836 - INFO -   Processing chunk 24/62...
2025-12-20 00:55:03,539 - INFO -   Processing chunk 25/62...
2025-12-20 00:55:09,298 - WARNING -   Failed to parse chunk 25 response
2025-12-20 00:55:11,302 - INFO -   Processing chunk 26/62...
2025-12-20 00:55:18,688 - INFO -   Processing chunk 27/62...
2025-12-20 00:55:27,486 - INFO -   Processing chunk 28/62...
2025-12-20 00:55:47,452 - INFO -   Processing chunk 29/62...
2025-12-20 00:55:54,442 - INFO -   Processing chunk 30/62...
2025-12-20 00:56:01,485 - INFO -   Processing chunk 31/62...
2025-12-20 00:56:09,879 - INFO -   Processing chunk 32/62...
2025-12-20 00:56:19,251 - INFO -   Processing chunk 33/62...
2025-12-20 00:56:46,838 - INFO -   Processing chunk 34/62...
2025-12-20 00:56:57,551 - INFO -   Processing chunk 35/62...
2025-12-20 00:57:03,318 - INFO -   Processing chunk 36/62...
