2025-12-19 10:15:20,711 - INFO - Loaded metadata for 290 schools
2025-12-19 10:15:20,712 - INFO - Found 106 PDFs in ptof.
2025-12-19 10:15:20,712 - INFO - Analyzing CEIC87400L...
2025-12-19 10:15:22,058 - INFO - Extracted 7 chunks for CEIC87400L
2025-12-19 10:15:22,059 - INFO -   Processing chunk 1/7...
2025-12-19 10:15:38,046 - INFO -   Processing chunk 2/7...
2025-12-19 10:15:50,336 - INFO -   Processing chunk 3/7...
2025-12-19 10:16:04,294 - INFO -   Processing chunk 4/7...
2025-12-19 10:16:17,345 - INFO -   Processing chunk 5/7...
2025-12-19 10:16:31,301 - INFO -   Processing chunk 6/7...
2025-12-19 10:16:47,661 - INFO -   Processing chunk 7/7...
2025-12-19 10:17:00,556 - INFO - Collected 54 findings from all chunks
2025-12-19 10:17:00,558 - INFO - Generating final analysis...
2025-12-19 10:18:00,474 - INFO - ✅ Analyzed CEIC87400L in 159.8s
2025-12-19 10:18:05,480 - INFO - Analyzing SRIC82100E...
2025-12-19 10:18:05,518 - INFO - Extracted 1 chunks for SRIC82100E
2025-12-19 10:18:05,518 - WARNING - ⏩ SKIPPED SRIC82100E: Not recognized as PTOF
2025-12-19 10:18:05,518 - INFO - Analyzing MOIC84900D...
2025-12-19 10:18:05,523 - WARNING - incorrect startxref pointer(1)
2025-12-19 10:18:05,561 - WARNING - parsing for Object Streams
2025-12-19 10:18:05,914 - INFO - Extracted 7 chunks for MOIC84900D
2025-12-19 10:18:05,914 - INFO -   Processing chunk 1/7...
2025-12-19 10:18:17,626 - INFO -   Processing chunk 2/7...
2025-12-19 10:18:28,865 - INFO -   Processing chunk 3/7...
2025-12-19 10:18:43,807 - INFO -   Processing chunk 4/7...
2025-12-19 10:18:59,518 - INFO -   Processing chunk 5/7...
2025-12-19 10:19:11,749 - INFO -   Processing chunk 6/7...
2025-12-19 10:19:20,945 - INFO -   Processing chunk 7/7...
2025-12-19 10:19:29,246 - INFO - Collected 44 findings from all chunks
2025-12-19 10:19:29,248 - INFO - Generating final analysis...
2025-12-19 10:20:34,751 - INFO - ✅ Analyzed MOIC84900D in 149.2s
2025-12-19 10:20:39,759 - INFO - Analyzing BAIC89400E...
2025-12-19 10:20:39,779 - WARNING - XRef object at 77315 can not be read, some object may be missing
2025-12-19 10:20:39,836 - INFO - Extracted 1 chunks for BAIC89400E
2025-12-19 10:20:39,836 - WARNING - ⏩ SKIPPED BAIC89400E: Not recognized as PTOF
2025-12-19 10:20:39,836 - INFO - Analyzing VAPS11000A...
2025-12-19 10:20:40,167 - INFO - Extracted 1 chunks for VAPS11000A
2025-12-19 10:20:40,168 - WARNING - ⏩ SKIPPED VAPS11000A: Not recognized as PTOF
2025-12-19 10:20:40,168 - INFO - Analyzing VTIC82500A...
2025-12-19 10:20:41,847 - INFO - Extracted 33 chunks for VTIC82500A
2025-12-19 10:20:41,848 - INFO -   Processing chunk 1/33...
2025-12-19 10:20:59,252 - INFO -   Processing chunk 2/33...
2025-12-19 10:21:14,094 - INFO -   Processing chunk 3/33...
2025-12-19 10:21:26,927 - INFO -   Processing chunk 4/33...
2025-12-19 10:21:40,981 - INFO -   Processing chunk 5/33...
2025-12-19 10:21:50,934 - INFO -   Processing chunk 6/33...
2025-12-19 10:22:03,309 - INFO -   Processing chunk 7/33...
2025-12-19 10:22:14,046 - INFO -   Processing chunk 8/33...
2025-12-19 10:22:30,294 - INFO -   Processing chunk 9/33...
2025-12-19 10:22:39,634 - INFO -   Processing chunk 10/33...
2025-12-19 10:22:53,252 - INFO -   Processing chunk 11/33...
2025-12-19 10:23:10,690 - INFO -   Processing chunk 12/33...
2025-12-19 10:23:30,545 - INFO -   Processing chunk 13/33...
2025-12-19 10:23:42,174 - INFO -   Processing chunk 14/33...
2025-12-19 10:23:55,344 - INFO -   Processing chunk 15/33...
2025-12-19 10:24:10,169 - INFO -   Processing chunk 16/33...
2025-12-19 10:24:24,146 - INFO -   Processing chunk 17/33...
2025-12-19 10:24:39,356 - INFO -   Processing chunk 18/33...
2025-12-19 10:24:53,840 - INFO -   Processing chunk 19/33...
2025-12-19 10:25:08,343 - INFO -   Processing chunk 20/33...
2025-12-19 10:25:23,040 - INFO -   Processing chunk 21/33...
2025-12-19 10:25:37,027 - INFO -   Processing chunk 22/33...
2025-12-19 10:25:51,739 - INFO -   Processing chunk 23/33...
2025-12-19 10:26:06,220 - INFO -   Processing chunk 24/33...
2025-12-19 10:26:19,343 - INFO -   Processing chunk 25/33...
2025-12-19 10:26:33,493 - INFO -   Processing chunk 26/33...
2025-12-19 10:26:48,303 - INFO -   Processing chunk 27/33...
2025-12-19 10:27:01,041 - INFO -   Processing chunk 28/33...
2025-12-19 10:27:16,453 - INFO -   Processing chunk 29/33...
2025-12-19 10:27:30,126 - INFO -   Processing chunk 30/33...
2025-12-19 10:27:43,347 - INFO -   Processing chunk 31/33...
2025-12-19 10:27:58,179 - INFO -   Processing chunk 32/33...
2025-12-19 10:28:11,098 - INFO -   Processing chunk 33/33...
2025-12-19 10:28:13,998 - INFO - Collected 244 findings from all chunks
2025-12-19 10:28:14,003 - INFO - Generating final analysis...
2025-12-19 10:29:20,389 - INFO - ✅ Analyzed VTIC82500A in 520.2s
2025-12-19 10:29:25,395 - INFO - Analyzing PATDEE500L...
2025-12-19 10:29:37,415 - INFO - Extracted 229 chunks for PATDEE500L
2025-12-19 10:29:37,416 - INFO -   Processing chunk 1/229...
2025-12-19 10:29:47,995 - INFO -   Processing chunk 2/229...
2025-12-19 10:30:03,043 - INFO -   Processing chunk 3/229...
2025-12-19 10:30:16,901 - INFO -   Processing chunk 4/229...
2025-12-19 10:30:27,168 - INFO -   Processing chunk 5/229...
2025-12-19 10:30:41,718 - INFO -   Processing chunk 6/229...
2025-12-19 10:30:57,473 - INFO -   Processing chunk 7/229...
2025-12-19 10:31:10,028 - INFO -   Processing chunk 8/229...
2025-12-19 10:31:24,032 - INFO -   Processing chunk 9/229...
2025-12-19 10:31:39,480 - INFO -   Processing chunk 10/229...
2025-12-19 10:31:57,317 - INFO -   Processing chunk 11/229...
2025-12-19 10:32:08,588 - INFO -   Processing chunk 12/229...
2025-12-19 10:32:18,537 - INFO -   Processing chunk 13/229...
2025-12-19 10:32:29,279 - INFO -   Processing chunk 14/229...
2025-12-19 10:32:42,931 - INFO -   Processing chunk 15/229...
2025-12-19 10:32:58,230 - INFO -   Processing chunk 16/229...
2025-12-19 10:33:13,339 - INFO -   Processing chunk 17/229...
2025-12-19 10:33:32,574 - INFO -   Processing chunk 18/229...
2025-12-19 10:33:50,444 - INFO -   Processing chunk 19/229...
2025-12-19 10:34:04,315 - INFO -   Processing chunk 20/229...
2025-12-19 10:34:19,406 - INFO -   Processing chunk 21/229...
2025-12-19 10:34:33,890 - INFO -   Processing chunk 22/229...
2025-12-19 10:34:48,605 - INFO -   Processing chunk 23/229...
2025-12-19 10:35:03,700 - INFO -   Processing chunk 24/229...
2025-12-19 10:35:19,921 - INFO -   Processing chunk 25/229...
2025-12-19 10:35:32,618 - INFO -   Processing chunk 26/229...
2025-12-19 10:35:46,100 - INFO -   Processing chunk 27/229...
2025-12-19 10:36:03,286 - INFO -   Processing chunk 28/229...
2025-12-19 10:36:16,742 - INFO -   Processing chunk 29/229...
2025-12-19 10:36:33,266 - INFO -   Processing chunk 30/229...
2025-12-19 10:36:47,175 - INFO -   Processing chunk 31/229...
2025-12-19 10:37:04,421 - INFO -   Processing chunk 32/229...
2025-12-19 10:37:18,280 - INFO -   Processing chunk 33/229...
2025-12-19 10:37:33,914 - INFO -   Processing chunk 34/229...
2025-12-19 10:37:45,890 - INFO -   Processing chunk 35/229...
2025-12-19 10:38:02,103 - INFO -   Processing chunk 36/229...
2025-12-19 10:38:16,161 - INFO -   Processing chunk 37/229...
2025-12-19 10:38:34,908 - INFO -   Processing chunk 38/229...
2025-12-19 10:38:53,460 - INFO -   Processing chunk 39/229...
2025-12-19 10:39:07,208 - INFO -   Processing chunk 40/229...
2025-12-19 10:39:21,805 - INFO -   Processing chunk 41/229...
2025-12-19 10:39:36,089 - INFO -   Processing chunk 42/229...
2025-12-19 10:39:49,288 - INFO -   Processing chunk 43/229...
2025-12-19 10:40:03,356 - INFO -   Processing chunk 44/229...
2025-12-19 10:40:21,885 - INFO -   Processing chunk 45/229...
2025-12-19 10:40:31,951 - WARNING -   Failed to parse chunk 45 response
2025-12-19 10:40:33,951 - INFO -   Processing chunk 46/229...
2025-12-19 10:40:46,673 - INFO -   Processing chunk 47/229...
2025-12-19 10:40:59,088 - INFO -   Processing chunk 48/229...
2025-12-19 10:41:11,844 - INFO -   Processing chunk 49/229...
2025-12-19 10:41:25,863 - INFO -   Processing chunk 50/229...
2025-12-19 10:41:38,485 - INFO -   Processing chunk 51/229...
2025-12-19 10:41:52,240 - INFO -   Processing chunk 52/229...
2025-12-19 10:42:04,727 - INFO -   Processing chunk 53/229...
2025-12-19 10:42:17,931 - INFO -   Processing chunk 54/229...
2025-12-19 10:42:32,837 - INFO -   Processing chunk 55/229...
2025-12-19 10:42:47,828 - INFO -   Processing chunk 56/229...
2025-12-19 10:43:03,672 - INFO -   Processing chunk 57/229...
2025-12-19 10:43:17,811 - INFO -   Processing chunk 58/229...
2025-12-19 10:43:33,693 - INFO -   Processing chunk 59/229...
2025-12-19 10:43:47,068 - INFO -   Processing chunk 60/229...
2025-12-19 10:44:00,122 - INFO -   Processing chunk 61/229...
2025-12-19 10:44:14,079 - INFO -   Processing chunk 62/229...
2025-12-19 10:44:26,058 - INFO -   Processing chunk 63/229...
2025-12-19 10:44:40,112 - INFO -   Processing chunk 64/229...
2025-12-19 10:44:57,867 - INFO -   Processing chunk 65/229...
2025-12-19 10:45:08,981 - INFO -   Processing chunk 66/229...
2025-12-19 10:45:19,102 - INFO -   Processing chunk 67/229...
2025-12-19 10:45:29,179 - INFO -   Processing chunk 68/229...
2025-12-19 10:45:46,019 - INFO -   Processing chunk 69/229...
2025-12-19 10:46:00,388 - INFO -   Processing chunk 70/229...
2025-12-19 10:46:17,521 - INFO -   Processing chunk 71/229...
2025-12-19 10:46:32,287 - INFO -   Processing chunk 72/229...
2025-12-19 10:46:47,860 - INFO -   Processing chunk 73/229...
2025-12-19 10:47:02,493 - INFO -   Processing chunk 74/229...
2025-12-19 10:47:15,933 - INFO -   Processing chunk 75/229...
2025-12-19 10:47:25,399 - INFO -   Processing chunk 76/229...
2025-12-19 10:47:37,106 - INFO -   Processing chunk 77/229...
2025-12-19 10:47:50,122 - INFO -   Processing chunk 78/229...
2025-12-19 10:48:09,008 - INFO -   Processing chunk 79/229...
2025-12-19 10:48:23,242 - INFO -   Processing chunk 80/229...
2025-12-19 10:48:36,543 - INFO -   Processing chunk 81/229...
2025-12-19 10:48:51,063 - INFO -   Processing chunk 82/229...
2025-12-19 10:49:09,703 - INFO -   Processing chunk 83/229...
2025-12-19 10:49:23,660 - INFO -   Processing chunk 84/229...
2025-12-19 10:49:40,034 - INFO -   Processing chunk 85/229...
2025-12-19 10:49:55,301 - INFO -   Processing chunk 86/229...
2025-12-19 10:50:09,661 - INFO -   Processing chunk 87/229...
2025-12-19 10:50:22,726 - INFO -   Processing chunk 88/229...
2025-12-19 10:50:34,566 - INFO -   Processing chunk 89/229...
2025-12-19 10:50:47,870 - INFO -   Processing chunk 90/229...
2025-12-19 10:51:02,005 - INFO -   Processing chunk 91/229...
2025-12-19 10:51:15,293 - INFO -   Processing chunk 92/229...
2025-12-19 10:51:31,419 - INFO -   Processing chunk 93/229...
2025-12-19 10:51:46,657 - INFO -   Processing chunk 94/229...
2025-12-19 10:52:03,132 - INFO -   Processing chunk 95/229...
2025-12-19 10:52:17,080 - INFO -   Processing chunk 96/229...
2025-12-19 10:52:55,685 - INFO -   Processing chunk 97/229...
2025-12-19 10:53:07,743 - INFO -   Processing chunk 98/229...
2025-12-19 10:53:32,609 - INFO -   Processing chunk 99/229...
2025-12-19 10:53:46,634 - INFO -   Processing chunk 100/229...
2025-12-19 10:54:00,888 - INFO -   Processing chunk 101/229...
2025-12-19 10:54:14,873 - INFO -   Processing chunk 102/229...
2025-12-19 10:54:28,265 - INFO -   Processing chunk 103/229...
2025-12-19 10:54:45,664 - INFO -   Processing chunk 104/229...
2025-12-19 10:55:02,638 - INFO -   Processing chunk 105/229...
2025-12-19 10:55:21,277 - INFO -   Processing chunk 106/229...
2025-12-19 10:55:37,888 - INFO -   Processing chunk 107/229...
2025-12-19 10:55:54,769 - INFO -   Processing chunk 108/229...
2025-12-19 10:56:11,670 - INFO -   Processing chunk 109/229...
2025-12-19 10:56:26,937 - INFO -   Processing chunk 110/229...
2025-12-19 10:56:43,236 - INFO -   Processing chunk 111/229...
2025-12-19 10:57:00,057 - INFO -   Processing chunk 112/229...
2025-12-19 10:57:18,138 - INFO -   Processing chunk 113/229...
2025-12-19 10:57:31,558 - INFO -   Processing chunk 114/229...
2025-12-19 10:57:53,151 - INFO -   Processing chunk 115/229...
2025-12-19 10:58:07,146 - INFO -   Processing chunk 116/229...
2025-12-19 10:58:20,549 - INFO -   Processing chunk 117/229...
2025-12-19 10:58:37,750 - INFO -   Processing chunk 118/229...
2025-12-19 10:58:54,230 - INFO -   Processing chunk 119/229...
2025-12-19 10:59:09,585 - INFO -   Processing chunk 120/229...
2025-12-19 10:59:24,961 - INFO -   Processing chunk 121/229...
2025-12-19 10:59:42,995 - INFO -   Processing chunk 122/229...
2025-12-19 10:59:59,859 - INFO -   Processing chunk 123/229...
2025-12-19 11:00:15,902 - INFO -   Processing chunk 124/229...
2025-12-19 11:00:31,946 - INFO -   Processing chunk 125/229...
2025-12-19 11:00:46,892 - INFO -   Processing chunk 126/229...
2025-12-19 11:00:59,730 - INFO -   Processing chunk 127/229...
2025-12-19 11:01:15,239 - INFO -   Processing chunk 128/229...
2025-12-19 11:01:28,679 - INFO -   Processing chunk 129/229...
2025-12-19 11:01:42,743 - INFO -   Processing chunk 130/229...
2025-12-19 11:01:58,621 - INFO -   Processing chunk 131/229...
2025-12-19 11:02:13,475 - INFO -   Processing chunk 132/229...
2025-12-19 11:02:28,430 - INFO -   Processing chunk 133/229...
2025-12-19 11:02:42,831 - INFO -   Processing chunk 134/229...
2025-12-19 11:02:55,964 - INFO -   Processing chunk 135/229...
2025-12-19 11:03:09,763 - INFO -   Processing chunk 136/229...
2025-12-19 11:03:31,317 - INFO -   Processing chunk 137/229...
2025-12-19 11:03:43,269 - INFO -   Processing chunk 138/229...
2025-12-19 11:04:00,272 - INFO -   Processing chunk 139/229...
2025-12-19 11:04:12,453 - INFO -   Processing chunk 140/229...
2025-12-19 11:04:28,423 - INFO -   Processing chunk 141/229...
2025-12-19 11:04:44,140 - INFO -   Processing chunk 142/229...
2025-12-19 11:04:58,131 - INFO -   Processing chunk 143/229...
2025-12-19 11:05:14,012 - INFO -   Processing chunk 144/229...
2025-12-19 11:05:28,878 - INFO -   Processing chunk 145/229...
2025-12-19 11:05:44,640 - INFO -   Processing chunk 146/229...
2025-12-19 11:06:00,114 - INFO -   Processing chunk 147/229...
2025-12-19 11:06:19,206 - INFO -   Processing chunk 148/229...
2025-12-19 11:06:35,889 - INFO -   Processing chunk 149/229...
2025-12-19 11:06:51,469 - INFO -   Processing chunk 150/229...
2025-12-19 11:07:02,801 - INFO -   Processing chunk 151/229...
2025-12-19 11:07:25,141 - INFO -   Processing chunk 152/229...
2025-12-19 11:07:43,109 - INFO -   Processing chunk 153/229...
2025-12-19 11:08:04,134 - INFO -   Processing chunk 154/229...
2025-12-19 11:08:19,107 - INFO -   Processing chunk 155/229...
2025-12-19 11:08:34,471 - INFO -   Processing chunk 156/229...
2025-12-19 11:08:49,227 - INFO -   Processing chunk 157/229...
2025-12-19 11:09:04,950 - INFO -   Processing chunk 158/229...
2025-12-19 11:09:19,336 - INFO -   Processing chunk 159/229...
2025-12-19 11:09:38,338 - INFO -   Processing chunk 160/229...
2025-12-19 11:09:55,573 - INFO -   Processing chunk 161/229...
2025-12-19 11:10:16,698 - INFO -   Processing chunk 162/229...
2025-12-19 11:10:34,008 - INFO -   Processing chunk 163/229...
2025-12-19 11:10:48,701 - INFO -   Processing chunk 164/229...
2025-12-19 11:11:03,058 - INFO -   Processing chunk 165/229...
2025-12-19 11:11:21,511 - INFO -   Processing chunk 166/229...
2025-12-19 11:11:39,919 - INFO -   Processing chunk 167/229...
2025-12-19 11:11:55,520 - INFO -   Processing chunk 168/229...
2025-12-19 11:12:12,944 - INFO -   Processing chunk 169/229...
2025-12-19 11:12:32,633 - INFO -   Processing chunk 170/229...
2025-12-19 11:12:52,628 - INFO -   Processing chunk 171/229...
2025-12-19 11:13:05,778 - INFO -   Processing chunk 172/229...
2025-12-19 11:13:24,660 - INFO -   Processing chunk 173/229...
2025-12-19 11:13:35,140 - INFO -   Processing chunk 174/229...
2025-12-19 11:13:51,547 - INFO -   Processing chunk 175/229...
2025-12-19 11:14:06,725 - INFO -   Processing chunk 176/229...
2025-12-19 11:14:26,934 - INFO -   Processing chunk 177/229...
2025-12-19 11:14:42,235 - INFO -   Processing chunk 178/229...
2025-12-19 11:15:00,481 - INFO -   Processing chunk 179/229...
2025-12-19 11:15:16,139 - INFO -   Processing chunk 180/229...
2025-12-19 11:15:35,318 - INFO -   Processing chunk 181/229...
2025-12-19 11:15:52,519 - INFO -   Processing chunk 182/229...
2025-12-19 11:16:10,951 - INFO -   Processing chunk 183/229...
2025-12-19 11:16:20,487 - INFO -   Processing chunk 184/229...
2025-12-19 11:16:31,298 - INFO -   Processing chunk 185/229...
2025-12-19 11:16:45,272 - INFO -   Processing chunk 186/229...
2025-12-19 11:17:03,311 - INFO -   Processing chunk 187/229...
2025-12-19 11:17:16,432 - INFO -   Processing chunk 188/229...
2025-12-19 11:17:34,300 - INFO -   Processing chunk 189/229...
2025-12-19 11:17:48,173 - INFO -   Processing chunk 190/229...
2025-12-19 11:18:02,172 - INFO -   Processing chunk 191/229...
2025-12-19 11:18:14,424 - INFO -   Processing chunk 192/229...
2025-12-19 11:18:29,277 - INFO -   Processing chunk 193/229...
2025-12-19 11:18:43,127 - INFO -   Processing chunk 194/229...
2025-12-19 11:18:57,566 - INFO -   Processing chunk 195/229...
2025-12-19 11:19:15,859 - INFO -   Processing chunk 196/229...
2025-12-19 11:19:28,460 - INFO -   Processing chunk 197/229...
2025-12-19 11:19:42,638 - INFO -   Processing chunk 198/229...
2025-12-19 11:19:54,955 - INFO -   Processing chunk 199/229...
2025-12-19 11:20:06,721 - INFO -   Processing chunk 200/229...
2025-12-19 11:20:17,743 - INFO -   Processing chunk 201/229...
2025-12-19 11:20:31,387 - INFO -   Processing chunk 202/229...
2025-12-19 11:20:38,693 - INFO -   Processing chunk 203/229...
2025-12-19 11:20:51,536 - INFO -   Processing chunk 204/229...
2025-12-19 11:20:58,743 - INFO -   Processing chunk 205/229...
2025-12-19 11:21:10,941 - INFO -   Processing chunk 206/229...
2025-12-19 11:21:49,829 - INFO -   Processing chunk 207/229...
2025-12-19 11:22:10,432 - INFO -   Processing chunk 208/229...
2025-12-19 11:22:24,092 - INFO -   Processing chunk 209/229...
2025-12-19 11:22:43,210 - INFO -   Processing chunk 210/229...
2025-12-19 11:22:56,141 - INFO -   Processing chunk 211/229...
2025-12-19 11:23:11,258 - INFO -   Processing chunk 212/229...
2025-12-19 11:23:24,173 - INFO -   Processing chunk 213/229...
2025-12-19 11:23:35,830 - INFO -   Processing chunk 214/229...
2025-12-19 11:23:46,623 - INFO -   Processing chunk 215/229...
2025-12-19 11:23:57,785 - INFO -   Processing chunk 216/229...
2025-12-19 11:24:09,887 - INFO -   Processing chunk 217/229...
2025-12-19 11:24:21,533 - INFO -   Processing chunk 218/229...
2025-12-19 11:24:28,723 - INFO -   Processing chunk 219/229...
2025-12-19 11:24:41,646 - INFO -   Processing chunk 220/229...
2025-12-19 11:24:56,855 - INFO -   Processing chunk 221/229...
2025-12-19 11:25:15,630 - INFO -   Processing chunk 222/229...
2025-12-19 11:25:28,150 - INFO -   Processing chunk 223/229...
2025-12-19 11:25:42,821 - INFO -   Processing chunk 224/229...
2025-12-19 11:25:55,931 - INFO -   Processing chunk 225/229...
2025-12-19 11:26:10,255 - INFO -   Processing chunk 226/229...
2025-12-19 11:26:20,636 - INFO -   Processing chunk 227/229...
2025-12-19 11:26:32,829 - INFO -   Processing chunk 228/229...
2025-12-19 11:26:51,736 - INFO -   Processing chunk 229/229...
2025-12-19 11:27:02,767 - INFO - Collected 1960 findings from all chunks
2025-12-19 11:27:02,793 - INFO - Generating final analysis...
2025-12-19 11:28:11,932 - INFO - ✅ Analyzed PATDEE500L in 3526.5s
2025-12-19 11:28:16,942 - INFO - Analyzing PEIS00300X...
2025-12-19 11:28:16,948 - ERROR - Error processing PDF ptof/PEIS00300X_PTOF.pdf: 'PdfReader' object has no attribute 'stream'
2025-12-19 11:28:16,948 - WARNING - Empty text for PEIS00300X
2025-12-19 11:28:16,948 - INFO - Analyzing CAIC86800V...
2025-12-19 11:28:24,986 - INFO - Extracted 38 chunks for CAIC86800V
2025-12-19 11:28:24,988 - INFO -   Processing chunk 1/38...
2025-12-19 11:28:35,637 - INFO -   Processing chunk 2/38...
2025-12-19 11:28:48,981 - INFO -   Processing chunk 3/38...
2025-12-19 11:29:00,548 - INFO -   Processing chunk 4/38...
2025-12-19 11:29:13,599 - INFO -   Processing chunk 5/38...
2025-12-19 11:29:23,410 - INFO -   Processing chunk 6/38...
2025-12-19 11:29:38,552 - INFO -   Processing chunk 7/38...
2025-12-19 11:29:52,569 - INFO -   Processing chunk 8/38...
2025-12-19 11:30:03,846 - INFO -   Processing chunk 9/38...
2025-12-19 11:30:21,215 - INFO -   Processing chunk 10/38...
2025-12-19 11:30:32,356 - INFO -   Processing chunk 11/38...
2025-12-19 11:30:44,632 - INFO -   Processing chunk 12/38...
2025-12-19 11:31:03,047 - INFO -   Processing chunk 13/38...
2025-12-19 11:31:20,311 - INFO -   Processing chunk 14/38...
2025-12-19 11:31:34,650 - INFO -   Processing chunk 15/38...
2025-12-19 11:31:49,364 - INFO -   Processing chunk 16/38...
2025-12-19 11:31:57,380 - INFO -   Processing chunk 17/38...
2025-12-19 11:32:09,361 - INFO -   Processing chunk 18/38...
2025-12-19 11:32:25,679 - INFO -   Processing chunk 19/38...
2025-12-19 11:32:37,455 - INFO -   Processing chunk 20/38...
2025-12-19 11:32:52,125 - INFO -   Processing chunk 21/38...
2025-12-19 11:33:06,406 - INFO -   Processing chunk 22/38...
2025-12-19 11:33:20,729 - INFO -   Processing chunk 23/38...
2025-12-19 11:33:32,444 - WARNING -   Failed to parse chunk 23 response
2025-12-19 11:33:34,450 - INFO -   Processing chunk 24/38...
2025-12-19 11:33:50,382 - INFO -   Processing chunk 25/38...
2025-12-19 11:34:04,870 - INFO -   Processing chunk 26/38...
2025-12-19 11:34:21,040 - INFO -   Processing chunk 27/38...
2025-12-19 11:34:34,616 - INFO -   Processing chunk 28/38...
2025-12-19 11:34:50,399 - INFO -   Processing chunk 29/38...
2025-12-19 11:35:02,728 - INFO -   Processing chunk 30/38...
2025-12-19 11:35:18,046 - INFO -   Processing chunk 31/38...
2025-12-19 11:35:29,997 - INFO -   Processing chunk 32/38...
2025-12-19 11:35:45,608 - INFO -   Processing chunk 33/38...
2025-12-19 11:35:58,451 - INFO -   Processing chunk 34/38...
2025-12-19 11:36:08,981 - INFO -   Processing chunk 35/38...
2025-12-19 11:36:18,411 - INFO -   Processing chunk 36/38...
2025-12-19 11:36:35,525 - INFO -   Processing chunk 37/38...
2025-12-19 11:36:43,114 - INFO -   Processing chunk 38/38...
2025-12-19 11:36:55,012 - INFO - Collected 266 findings from all chunks
2025-12-19 11:36:55,015 - INFO - Generating final analysis...
2025-12-19 11:38:02,333 - INFO - ✅ Analyzed CAIC86800V in 585.4s
2025-12-19 11:38:07,335 - INFO - Analyzing BNIS01100L...
2025-12-19 11:38:08,225 - INFO - Extracted 6 chunks for BNIS01100L
2025-12-19 11:38:08,226 - INFO -   Processing chunk 1/6...
2025-12-19 11:38:21,767 - INFO -   Processing chunk 2/6...
2025-12-19 11:38:34,048 - INFO -   Processing chunk 3/6...
2025-12-19 11:38:46,975 - INFO -   Processing chunk 4/6...
2025-12-19 11:38:59,272 - INFO -   Processing chunk 5/6...
2025-12-19 11:39:16,079 - INFO -   Processing chunk 6/6...
