2025-12-19 15:19:16,027 - INFO - Loaded metadata for 290 schools
2025-12-19 15:19:16,049 - INFO - Loaded INVALSI data for 246 schools
2025-12-19 15:19:16,049 - INFO - 🧪 TEST MODE: Analyzing 10 files
2025-12-19 15:19:16,050 - INFO - Analyzing SRIC82100E...
2025-12-19 15:19:16,109 - INFO - Extracted 1 chunks for SRIC82100E
2025-12-19 15:19:16,109 - WARNING - ⏩ SKIPPED SRIC82100E: Not recognized as PTOF
2025-12-19 15:19:16,109 - INFO - Analyzing PEIS00300X...
2025-12-19 15:19:16,111 - ERROR - Error processing PDF ptof/PEIS00300X_PTOF.pdf: 'PdfReader' object has no attribute 'stream'
2025-12-19 15:19:16,111 - WARNING - Empty text for PEIS00300X
2025-12-19 15:19:16,111 - INFO - Analyzing BNIS01100L...
2025-12-19 15:19:17,020 - INFO - Extracted 6 chunks for BNIS01100L
2025-12-19 15:19:17,020 - INFO -   Processing chunk 1/6...
2025-12-19 15:19:28,671 - INFO -   Processing chunk 2/6...
2025-12-19 15:19:39,565 - INFO -   Processing chunk 3/6...
2025-12-19 15:19:52,759 - INFO -   Processing chunk 4/6...
2025-12-19 15:20:06,701 - INFO -   Processing chunk 5/6...
2025-12-19 15:20:23,518 - INFO -   Processing chunk 6/6...
2025-12-19 15:20:34,377 - INFO - Collected 41 findings from all chunks
2025-12-19 15:20:34,379 - INFO - Generating final analysis...
2025-12-19 15:21:29,044 - INFO - ✅ Analyzed BNIS01100L in 132.9s
2025-12-19 15:21:34,048 - INFO - Analyzing RMPS37000A...
2025-12-19 15:21:34,119 - INFO - Extracted 1 chunks for RMPS37000A
2025-12-19 15:21:34,119 - INFO -   Processing chunk 1/1...
2025-12-19 15:21:41,162 - INFO - Collected 3 findings from all chunks
2025-12-19 15:21:41,164 - INFO - Generating final analysis...
2025-12-19 15:22:22,109 - INFO - ✅ Analyzed RMPS37000A in 48.1s
2025-12-19 15:22:27,115 - INFO - Analyzing LTPS04000R...
2025-12-19 15:22:27,131 - INFO - Extracted 1 chunks for LTPS04000R
2025-12-19 15:22:27,131 - INFO -   Processing chunk 1/1...
2025-12-19 15:22:30,119 - INFO - Collected 0 findings from all chunks
2025-12-19 15:22:30,119 - INFO - Generating final analysis...
2025-12-19 15:23:09,110 - INFO - ✅ Analyzed LTPS04000R in 42.0s
2025-12-19 15:23:14,117 - INFO - Analyzing RMPL355003...
2025-12-19 15:23:16,373 - INFO - Extracted 17 chunks for RMPL355003
2025-12-19 15:23:16,373 - INFO -   Processing chunk 1/17...
2025-12-19 15:23:28,092 - INFO -   Processing chunk 2/17...
2025-12-19 15:23:42,910 - INFO -   Processing chunk 3/17...
2025-12-19 15:23:58,449 - INFO -   Processing chunk 4/17...
2025-12-19 15:24:16,501 - INFO -   Processing chunk 5/17...
2025-12-19 15:24:30,944 - INFO -   Processing chunk 6/17...
2025-12-19 15:24:44,649 - INFO -   Processing chunk 7/17...
2025-12-19 15:25:00,295 - INFO -   Processing chunk 8/17...
2025-12-19 15:25:18,588 - INFO -   Processing chunk 9/17...
2025-12-19 15:25:34,630 - INFO -   Processing chunk 10/17...
2025-12-19 15:25:51,653 - INFO -   Processing chunk 11/17...
2025-12-19 15:26:04,500 - INFO -   Processing chunk 12/17...
2025-12-19 15:26:14,464 - INFO -   Processing chunk 13/17...
2025-12-19 15:26:32,931 - INFO -   Processing chunk 14/17...
2025-12-19 15:26:44,890 - INFO -   Processing chunk 15/17...
2025-12-19 15:26:54,808 - INFO -   Processing chunk 16/17...
2025-12-19 15:27:03,282 - INFO -   Processing chunk 17/17...
2025-12-19 15:27:13,409 - INFO - Collected 132 findings from all chunks
2025-12-19 15:27:13,411 - INFO - Generating final analysis...
2025-12-19 15:28:27,458 - INFO - ✅ Analyzed RMPL355003 in 313.3s
2025-12-19 15:28:32,466 - INFO - Analyzing MTIS009001...
2025-12-19 15:28:33,619 - INFO - Extracted 2 chunks for MTIS009001
2025-12-19 15:28:33,619 - INFO -   Processing chunk 1/2...
2025-12-19 15:28:48,967 - INFO -   Processing chunk 2/2...
2025-12-19 15:29:11,242 - INFO - Collected 11 findings from all chunks
2025-12-19 15:29:11,242 - INFO - Generating final analysis...
2025-12-19 15:30:18,682 - INFO - ✅ Analyzed MTIS009001 in 106.2s
2025-12-19 15:30:23,685 - INFO - Analyzing MIPC09500C...
2025-12-19 15:30:26,368 - INFO - Extracted 7 chunks for MIPC09500C
2025-12-19 15:30:26,368 - INFO -   Processing chunk 1/7...
2025-12-19 15:30:52,758 - INFO -   Processing chunk 2/7...
2025-12-19 15:31:21,217 - INFO -   Processing chunk 3/7...
2025-12-19 15:31:40,433 - INFO -   Processing chunk 4/7...
2025-12-19 15:33:01,626 - INFO -   Processing chunk 5/7...
2025-12-19 15:33:19,175 - INFO -   Processing chunk 6/7...
2025-12-19 15:33:36,051 - INFO -   Processing chunk 7/7...
2025-12-19 15:33:45,912 - INFO - Collected 49 findings from all chunks
2025-12-19 15:33:46,105 - INFO - Generating final analysis...
2025-12-19 15:35:15,750 - INFO - ✅ Analyzed MIPC09500C in 292.1s
2025-12-19 15:35:20,752 - INFO - Analyzing BNTDHO5008...
2025-12-19 15:35:24,580 - INFO - Extracted 22 chunks for BNTDHO5008
2025-12-19 15:35:24,581 - INFO -   Processing chunk 1/22...
2025-12-19 15:35:48,307 - INFO -   Processing chunk 2/22...
2025-12-19 15:36:17,703 - INFO -   Processing chunk 3/22...
2025-12-19 15:36:47,768 - INFO -   Processing chunk 4/22...
2025-12-19 15:37:15,896 - INFO -   Processing chunk 5/22...
2025-12-19 15:37:47,007 - INFO -   Processing chunk 6/22...
2025-12-19 15:38:23,136 - INFO -   Processing chunk 7/22...
2025-12-19 15:38:48,188 - INFO -   Processing chunk 8/22...
2025-12-19 15:40:26,452 - INFO -   Processing chunk 9/22...
2025-12-19 15:40:51,505 - INFO -   Processing chunk 10/22...
2025-12-19 15:41:12,836 - INFO -   Processing chunk 11/22...
2025-12-19 15:41:58,252 - INFO -   Processing chunk 12/22...
2025-12-19 15:42:34,107 - INFO -   Processing chunk 13/22...
