2025-12-19 15:29:35,558 - INFO - Loaded metadata for 290 schools
2025-12-19 15:29:35,923 - INFO - Loaded INVALSI data for 246 schools
2025-12-19 15:29:35,924 - INFO - 🧪 WORKER 2: Analyzing 4 files
2025-12-19 15:29:35,924 - INFO - Analyzing BAIC89400E...
2025-12-19 15:29:35,950 - WARNING - XRef object at 77315 can not be read, some object may be missing
2025-12-19 15:29:36,090 - INFO - Extracted 1 chunks for BAIC89400E
2025-12-19 15:29:36,090 - WARNING - ⏩ SKIPPED BAIC89400E: Not recognized as PTOF
2025-12-19 15:29:36,090 - INFO - Analyzing SOTA01000X...
2025-12-19 15:29:36,616 - INFO - Extracted 3 chunks for SOTA01000X
2025-12-19 15:29:36,616 - INFO -   Processing chunk 1/3...
2025-12-19 15:30:38,741 - INFO -   Processing chunk 2/3...
2025-12-19 15:31:05,756 - WARNING -   Failed to parse chunk 2 response
2025-12-19 15:31:07,797 - INFO -   Processing chunk 3/3...
2025-12-19 15:31:30,190 - INFO - Collected 15 findings from all chunks
2025-12-19 15:31:30,192 - INFO - Generating final analysis...
2025-12-19 15:32:42,167 - INFO - ✅ Analyzed SOTA01000X in 186.1s
2025-12-19 15:32:47,173 - INFO - Analyzing AGIS018009...
2025-12-19 15:32:47,904 - INFO - Extracted 1 chunks for AGIS018009
2025-12-19 15:32:47,906 - WARNING - ⏩ SKIPPED AGIS018009: Not recognized as PTOF
2025-12-19 15:32:47,906 - INFO - Analyzing AGIS018009...
2025-12-19 15:32:48,071 - INFO - Extracted 1 chunks for AGIS018009
2025-12-19 15:32:48,071 - WARNING - ⏩ SKIPPED AGIS018009: Not recognized as PTOF
2025-12-19 15:32:48,072 - INFO - Analysis complete.
2025-12-19 15:35:15,030 - INFO - Loaded metadata for 290 schools
2025-12-19 15:35:15,069 - INFO - Loaded INVALSI data for 246 schools
2025-12-19 15:35:15,069 - INFO - 🧪 WORKER 2: Analyzing 4 files
2025-12-19 15:35:15,069 - INFO - Analyzing CEIC87400L...
2025-12-19 15:35:17,304 - INFO - Extracted 7 chunks for CEIC87400L
2025-12-19 15:35:17,304 - INFO -   Processing chunk 1/7...
2025-12-19 15:35:32,887 - INFO -   Processing chunk 2/7...
2025-12-19 15:36:00,305 - INFO -   Processing chunk 3/7...
2025-12-19 15:36:36,684 - INFO -   Processing chunk 4/7...
2025-12-19 15:37:00,139 - INFO -   Processing chunk 5/7...
2025-12-19 15:37:29,309 - INFO -   Processing chunk 6/7...
2025-12-19 15:38:08,096 - INFO -   Processing chunk 7/7...
2025-12-19 15:38:37,579 - INFO - Collected 54 findings from all chunks
2025-12-19 15:38:37,580 - INFO - Generating final analysis...
2025-12-19 15:40:09,677 - INFO - ✅ Analyzed CEIC87400L in 294.6s
2025-12-19 15:40:14,683 - INFO - Analyzing PAIC888009...
2025-12-19 15:40:15,034 - INFO - Extracted 4 chunks for PAIC888009
2025-12-19 15:40:15,034 - INFO -   Processing chunk 1/4...
2025-12-19 15:40:38,238 - INFO -   Processing chunk 2/4...
2025-12-19 15:41:03,971 - INFO -   Processing chunk 3/4...
2025-12-19 15:41:30,525 - INFO -   Processing chunk 4/4...
2025-12-19 15:42:06,879 - INFO - Collected 24 findings from all chunks
2025-12-19 15:42:06,881 - INFO - Generating final analysis...
2025-12-19 15:43:43,882 - INFO - ✅ Analyzed PAIC888009 in 209.2s
2025-12-19 15:43:48,889 - INFO - Analyzing PRIS00200Q...
2025-12-19 15:43:50,379 - INFO - Extracted 26 chunks for PRIS00200Q
2025-12-19 15:43:50,380 - INFO -   Processing chunk 1/26...
2025-12-19 15:44:12,818 - INFO -   Processing chunk 2/26...
2025-12-19 15:44:38,424 - INFO -   Processing chunk 3/26...
2025-12-19 15:45:11,226 - INFO -   Processing chunk 4/26...
2025-12-19 15:45:40,664 - INFO -   Processing chunk 5/26...
2025-12-19 15:46:12,586 - INFO -   Processing chunk 6/26...
2025-12-19 15:46:39,279 - INFO -   Processing chunk 7/26...
2025-12-19 15:48:19,322 - INFO -   Processing chunk 8/26...
2025-12-19 15:48:38,065 - INFO -   Processing chunk 9/26...
2025-12-19 15:49:45,464 - INFO -   Processing chunk 10/26...
2025-12-19 15:50:08,682 - INFO -   Processing chunk 11/26...
2025-12-19 15:51:24,600 - INFO -   Processing chunk 12/26...
2025-12-19 15:51:59,006 - INFO -   Processing chunk 13/26...
2025-12-19 15:52:29,573 - INFO -   Processing chunk 14/26...
2025-12-19 15:53:04,996 - INFO -   Processing chunk 15/26...
2025-12-19 15:53:45,134 - INFO -   Processing chunk 16/26...
2025-12-19 15:54:21,341 - INFO -   Processing chunk 17/26...
2025-12-19 15:54:36,982 - INFO -   Processing chunk 18/26...
2025-12-19 15:55:10,792 - INFO -   Processing chunk 19/26...
2025-12-19 15:55:41,237 - INFO -   Processing chunk 20/26...
2025-12-19 15:56:17,373 - INFO -   Processing chunk 21/26...
2025-12-19 15:56:57,989 - INFO -   Processing chunk 22/26...
2025-12-19 15:57:22,321 - INFO -   Processing chunk 23/26...
2025-12-19 15:57:56,065 - INFO -   Processing chunk 24/26...
2025-12-19 15:58:26,582 - INFO -   Processing chunk 25/26...
2025-12-19 15:58:57,257 - INFO -   Processing chunk 26/26...
2025-12-19 15:59:29,671 - INFO - Collected 213 findings from all chunks
2025-12-19 15:59:29,676 - INFO - Generating final analysis...
2025-12-19 16:00:42,954 - INFO - ✅ Analyzed PRIS00200Q in 1014.1s
2025-12-19 16:00:47,958 - INFO - Analyzing NARH105008...
2025-12-19 16:00:47,964 - WARNING - Empty text for NARH105008
2025-12-19 16:00:47,964 - INFO - Analysis complete.
