2025-12-20 09:35:30,948 - INFO - Loaded metadata for 290 schools
2025-12-20 09:35:30,955 - INFO - Loaded INVALSI metadata for 246 schools from unified file
2025-12-20 09:35:30,956 - INFO - 📂 FULL MODE: Found 106 PDF files
2025-12-20 09:35:30,956 - INFO - Analyzing AGIS018009...
2025-12-20 09:35:30,985 - INFO - Extracted 1 chunks for AGIS018009
2025-12-20 09:35:30,986 - WARNING - ⏩ SKIPPED AGIS018009: Not recognized as PTOF
2025-12-20 09:35:30,986 - INFO - Skipping AGPC010001 (Already Analyzed)
2025-12-20 09:35:30,986 - INFO - Skipping VIPS08000D (Already Analyzed)
2025-12-20 09:35:30,986 - INFO - Skipping CEPS02000T (Already Analyzed)
2025-12-20 09:35:30,986 - INFO - Skipping AQPM01000G (Already Analyzed)
2025-12-20 09:35:30,986 - INFO - Skipping BAIC818001 (Already Analyzed)
2025-12-20 09:35:30,986 - INFO - Analyzing BAIC89400E...
2025-12-20 09:35:30,991 - WARNING - XRef object at 77315 can not be read, some object may be missing
2025-12-20 09:35:31,031 - INFO - Extracted 1 chunks for BAIC89400E
2025-12-20 09:35:31,031 - WARNING - ⏩ SKIPPED BAIC89400E: Not recognized as PTOF
2025-12-20 09:35:31,031 - INFO - Skipping BAIS05300C (Already Analyzed)
2025-12-20 09:35:31,031 - INFO - Analyzing BG1M02700A...
2025-12-20 09:35:31,032 - WARNING - invalid pdf header: b'<!DOC'
2025-12-20 09:35:31,036 - WARNING - EOF marker not found
2025-12-20 09:35:31,036 - ERROR - Error processing PDF ptof/BG1M02700A_PTOF.pdf: Stream has ended unexpectedly
2025-12-20 09:35:31,036 - WARNING - Empty text for BG1M02700A
2025-12-20 09:35:31,037 - INFO - Skipping BGPS02000G (Already Analyzed)
2025-12-20 09:35:31,037 - INFO - Analyzing BLIS011002...
2025-12-20 09:35:33,840 - INFO - Extracted 34 chunks for BLIS011002
2025-12-20 09:35:33,840 - WARNING - ⏩ SKIPPED BLIS011002: Not recognized as PTOF
2025-12-20 09:35:33,841 - INFO - Skipping BNIS01100L (Already Analyzed)
2025-12-20 09:35:33,841 - INFO - Skipping BNIS02300V (Already Analyzed)
2025-12-20 09:35:33,841 - INFO - Skipping BORC10500R (Already Analyzed)
2025-12-20 09:35:33,841 - INFO - Skipping BORC10500R (Already Analyzed)
2025-12-20 09:35:33,841 - INFO - Skipping MBIC8AM00E (Already Analyzed)
2025-12-20 09:35:33,841 - INFO - Skipping MIIC85700P (Already Analyzed)
2025-12-20 09:35:33,841 - INFO - Skipping BS1M004009 (Already Analyzed)
2025-12-20 09:35:33,841 - INFO - Skipping BSIC83900G (Already Analyzed)
2025-12-20 09:35:33,841 - INFO - Skipping SSIC80600X (Already Analyzed)
2025-12-20 09:35:33,841 - INFO - Skipping CAIC86800V (Already Analyzed)
2025-12-20 09:35:33,842 - INFO - Skipping CAIS00200C (Already Analyzed)
2025-12-20 09:35:33,842 - INFO - Skipping CALTAGIRON (Already Analyzed)
2025-12-20 09:35:33,842 - INFO - Skipping AGIS00100X (Already Analyzed)
2025-12-20 09:35:33,842 - INFO - Analyzing SAIS05700B...
2025-12-20 09:35:34,477 - INFO - Extracted 4 chunks for SAIS05700B
2025-12-20 09:35:34,477 - WARNING - ⏩ SKIPPED SAIS05700B: Not recognized as PTOF
2025-12-20 09:35:34,477 - INFO - Skipping VTIC82500A (Already Analyzed)
2025-12-20 09:35:34,477 - INFO - Skipping CARLENTINI (Already Analyzed)
2025-12-20 09:35:34,477 - INFO - Skipping CTIS04300B (Already Analyzed)
2025-12-20 09:35:34,477 - INFO - Skipping CEIC87400L (Already Analyzed)
2025-12-20 09:35:34,477 - INFO - Skipping FEIS01400G (Already Analyzed)
2025-12-20 09:35:34,477 - INFO - Skipping CHIC80700E (Already Analyzed)
2025-12-20 09:35:34,477 - INFO - Analyzing CLIS00900V...
2025-12-20 09:35:34,478 - WARNING - invalid pdf header: b'<!DOC'
2025-12-20 09:35:34,479 - WARNING - EOF marker not found
2025-12-20 09:35:34,479 - ERROR - Error processing PDF ptof/CLIS00900V_PTOF.pdf: Stream has ended unexpectedly
2025-12-20 09:35:34,479 - WARNING - Empty text for CLIS00900V
2025-12-20 09:35:34,479 - INFO - Skipping COLLEFERRO (Already Analyzed)
2025-12-20 09:35:34,479 - INFO - Skipping CRIC817004 (Already Analyzed)
2025-12-20 09:35:34,479 - INFO - Skipping CRPC02000A (Already Analyzed)
2025-12-20 09:35:34,479 - INFO - Skipping CSIC80800Q (Already Analyzed)
2025-12-20 09:35:34,479 - INFO - Skipping ELMAS_PTOF (Already Analyzed)
2025-12-20 09:35:34,479 - INFO - Skipping FGIC85400C (Already Analyzed)
2025-12-20 09:35:34,479 - INFO - Skipping FGIS007003 (Already Analyzed)
2025-12-20 09:35:34,479 - INFO - Skipping FGIC85900G (Already Analyzed)
2025-12-20 09:35:34,479 - INFO - Skipping FGIC86200B (Already Analyzed)
2025-12-20 09:35:34,479 - INFO - Skipping BNTDHO5008 (Already Analyzed)
2025-12-20 09:35:34,479 - INFO - Skipping FRIS01800E (Already Analyzed)
2025-12-20 09:35:34,479 - INFO - Skipping GEIS01400Q (Already Analyzed)
2025-12-20 09:35:34,479 - INFO - Skipping ISIS003002 (Already Analyzed)
2025-12-20 09:35:34,479 - INFO - Skipping KRIS00400C (Already Analyzed)
2025-12-20 09:35:34,479 - INFO - Skipping CHIS019001 (Already Analyzed)
2025-12-20 09:35:34,479 - INFO - Skipping LTPS04000R (Already Analyzed)
2025-12-20 09:35:34,479 - INFO - Skipping MTIS009001 (Already Analyzed)
2025-12-20 09:35:34,479 - INFO - Skipping MEIS03700V (Already Analyzed)
2025-12-20 09:35:34,479 - INFO - Skipping MIIC836006 (Already Analyzed)
2025-12-20 09:35:34,479 - INFO - Analyzing MIIC8DB00D...
2025-12-20 09:35:36,390 - INFO - Extracted 32 chunks for MIIC8DB00D
2025-12-20 09:35:36,391 - INFO -   Processing chunk 1/32...
2025-12-20 09:35:46,739 - INFO -   Processing chunk 2/32...
2025-12-20 09:35:50,404 - INFO -   Processing chunk 3/32...
2025-12-20 09:36:00,705 - INFO -   Processing chunk 4/32...
2025-12-20 09:36:12,977 - INFO -   Processing chunk 5/32...
2025-12-20 09:36:27,178 - INFO -   Processing chunk 6/32...
2025-12-20 09:36:42,061 - INFO -   Processing chunk 7/32...
2025-12-20 09:36:56,023 - INFO -   Processing chunk 8/32...
2025-12-20 09:37:05,663 - INFO -   Processing chunk 9/32...
2025-12-20 09:37:17,805 - INFO -   Processing chunk 10/32...
2025-12-20 09:37:30,763 - INFO -   Processing chunk 11/32...
2025-12-20 09:37:42,948 - INFO -   Processing chunk 12/32...
2025-12-20 09:37:56,874 - INFO -   Processing chunk 13/32...
2025-12-20 09:38:07,582 - INFO -   Processing chunk 14/32...
2025-12-20 09:38:14,284 - INFO -   Processing chunk 15/32...
2025-12-20 09:38:22,332 - INFO -   Processing chunk 16/32...
2025-12-20 09:38:31,751 - INFO -   Processing chunk 17/32...
2025-12-20 09:38:42,023 - INFO -   Processing chunk 18/32...
2025-12-20 09:38:54,487 - INFO -   Processing chunk 19/32...
2025-12-20 09:39:08,324 - INFO -   Processing chunk 20/32...
2025-12-20 09:39:21,431 - INFO -   Processing chunk 21/32...
2025-12-20 09:39:32,464 - INFO -   Processing chunk 22/32...
2025-12-20 09:39:36,040 - INFO -   Processing chunk 23/32...
2025-12-20 09:39:39,635 - INFO -   Processing chunk 24/32...
2025-12-20 09:39:52,994 - INFO -   Processing chunk 25/32...
2025-12-20 09:39:56,732 - INFO -   Processing chunk 26/32...
2025-12-20 09:40:10,629 - INFO -   Processing chunk 27/32...
2025-12-20 09:40:20,129 - INFO -   Processing chunk 28/32...
2025-12-20 09:40:36,054 - INFO -   Processing chunk 29/32...
2025-12-20 09:40:39,523 - INFO -   Processing chunk 30/32...
2025-12-20 09:40:49,191 - INFO -   Processing chunk 31/32...
2025-12-20 09:40:58,623 - INFO -   Processing chunk 32/32...
2025-12-20 09:41:01,864 - INFO - Collected 119 findings from all chunks
2025-12-20 09:41:01,868 - INFO - Generating final analysis...
2025-12-20 09:42:22,590 - INFO - Starting Stage 2: Deep Activity Analysis for MIIC8DB00D
2025-12-20 09:42:22,590 - INFO - Stage 2: Deep analyzing 5 activities for MIIC8DB00D
2025-12-20 09:42:22,591 - INFO -   Analyzing activity 1/5: Progetto Continuità
2025-12-20 09:42:29,136 - INFO -   Analyzing activity 2/5: PCTO
2025-12-20 09:42:36,479 - INFO -   Analyzing activity 3/5: Sportello di Ascolto
2025-12-20 09:42:43,365 - INFO -   Analyzing activity 4/5: Laboratori didattici Bee my future
2025-12-20 09:42:49,663 - INFO -   Analyzing activity 5/5: Progetto La nostra GREEN ROOM
2025-12-20 09:42:56,192 - INFO - Stage 2 completed: 5 deep analyses generated
2025-12-20 09:42:56,192 - INFO - Starting Stage 3: Narrative Synthesis for MIIC8DB00D
2025-12-20 09:42:56,192 - INFO - Stage 3: Generating narrative synthesis for MIIC8DB00D
2025-12-20 09:43:23,999 - INFO - Stage 3 completed for MIIC8DB00D
2025-12-20 09:43:23,999 - INFO - Starting Stage 4: JSON Validation for MIIC8DB00D
2025-12-20 09:43:23,999 - INFO - Stage 4: Validating JSON consistency for MIIC8DB00D
2025-12-20 09:43:23,999 - INFO -   Negativity analysis: 6 negative words in 13 paragraphs = 46.2%
2025-12-20 09:43:24,000 - WARNING -   Applying correction: Report parzialmente negativo (>30% negatività) - riduzione 20%
2025-12-20 09:43:24,000 - INFO -     Corrected 2_3_finalita.finalita_attitudini: 4 → 3
2025-12-20 09:43:24,000 - INFO -     Corrected 2_3_finalita.finalita_interessi: 3 → 2
2025-12-20 09:43:24,000 - INFO -     Corrected 2_3_finalita.finalita_progetto_vita: 4 → 3
2025-12-20 09:43:24,000 - INFO -     Corrected 2_3_finalita.finalita_transizioni_formative: 6 → 5
2025-12-20 09:43:24,000 - INFO -     Corrected 2_3_finalita.finalita_capacita_orientative_opportunita: 5 → 4
2025-12-20 09:43:24,000 - INFO -     Corrected 2_4_obiettivi.obiettivo_ridurre_abbandono: 4 → 3
2025-12-20 09:43:24,000 - INFO -     Corrected 2_4_obiettivi.obiettivo_continuita_territorio: 5 → 4
2025-12-20 09:43:24,000 - INFO -     Corrected 2_4_obiettivi.obiettivo_lifelong_learning: 3 → 2
2025-12-20 09:43:24,000 - INFO -     Corrected 2_5_azioni_sistema.azione_coordinamento_servizi: 4 → 3
2025-12-20 09:43:24,000 - INFO -     Corrected 2_5_azioni_sistema.azione_dialogo_docenti_studenti: 5 → 4
2025-12-20 09:43:24,000 - INFO -     Corrected 2_5_azioni_sistema.azione_rapporto_scuola_genitori: 4 → 3
2025-12-20 09:43:24,000 - INFO -     Corrected 2_5_azioni_sistema.azione_monitoraggio_azioni: 6 → 5
2025-12-20 09:43:24,000 - INFO -     Corrected 2_5_azioni_sistema.azione_sistema_integrato_inclusione_fragilita: 5 → 4
2025-12-20 09:43:24,000 - INFO -     Corrected 2_6_didattica_orientativa.didattica_da_esperienza_studenti: 5 → 4
2025-12-20 09:43:24,000 - INFO -     Corrected 2_6_didattica_orientativa.didattica_laboratoriale: 6 → 5
2025-12-20 09:43:24,001 - INFO -     Corrected 2_6_didattica_orientativa.didattica_flessibilita_spazi_tempi: 3 → 2
2025-12-20 09:43:24,001 - INFO -     Corrected 2_6_didattica_orientativa.didattica_interdisciplinare: 5 → 4
2025-12-20 09:43:24,001 - INFO -     Corrected 2_7_opzionali_facoltative.opzionali_culturali: 3 → 2
2025-12-20 09:43:24,001 - INFO -     Corrected 2_7_opzionali_facoltative.opzionali_laboratoriali_espressive: 5 → 4
2025-12-20 09:43:24,001 - INFO -     Corrected 2_7_opzionali_facoltative.opzionali_ludiche_ricreative: 3 → 2
2025-12-20 09:43:24,001 - INFO -     Corrected 2_7_opzionali_facoltative.opzionali_volontariato: 3 → 2
2025-12-20 09:43:24,001 - INFO -     Corrected 2_7_opzionali_facoltative.opzionali_sportive: 3 → 2
2025-12-20 09:43:24,001 - INFO -   Stage 4 completed: JSON scores reduced proportionally
2025-12-20 09:43:24,001 - WARNING -   JSON scores were corrected based on narrative analysis
2025-12-20 09:43:24,006 - INFO - ✅ Analyzed MIIC8DB00D in 408.1s
2025-12-20 09:43:29,013 - INFO - Analyzing MIIS01400D...
2025-12-20 09:43:29,062 - INFO - Extracted 1 chunks for MIIS01400D
2025-12-20 09:43:29,062 - WARNING - ⏩ SKIPPED MIIS01400D: Not recognized as PTOF
2025-12-20 09:43:29,063 - INFO - Skipping MITF19000B (Already Analyzed)
2025-12-20 09:43:29,063 - INFO - Skipping MIPC09500C (Already Analyzed)
2025-12-20 09:43:29,063 - INFO - Skipping MIRFHT500U (Already Analyzed)
2025-12-20 09:43:29,063 - INFO - Analyzing MITD330007...
2025-12-20 09:43:29,063 - WARNING - invalid pdf header: b'<!doc'
2025-12-20 09:43:29,068 - WARNING - EOF marker not found
2025-12-20 09:43:29,068 - ERROR - Error processing PDF ptof/MITD330007_PTOF.pdf: Stream has ended unexpectedly
2025-12-20 09:43:29,068 - WARNING - Empty text for MITD330007
2025-12-20 09:43:29,068 - INFO - Skipping MOIC84800N (Already Analyzed)
2025-12-20 09:43:29,068 - INFO - Skipping MOIC84900D (Already Analyzed)
2025-12-20 09:43:29,068 - INFO - Analyzing MOIS00200C...
2025-12-20 09:43:29,069 - WARNING - invalid pdf header: b'<!doc'
2025-12-20 09:43:29,074 - WARNING - EOF marker not found
2025-12-20 09:43:29,074 - ERROR - Error processing PDF ptof/MOIS00200C_PTOF.pdf: Stream has ended unexpectedly
2025-12-20 09:43:29,074 - WARNING - Empty text for MOIS00200C
2025-12-20 09:43:29,074 - INFO - Analyzing MTIS01200R...
2025-12-20 09:43:29,169 - INFO - Extracted 1 chunks for MTIS01200R
2025-12-20 09:43:29,169 - WARNING - ⏩ SKIPPED MTIS01200R: Not recognized as PTOF
2025-12-20 09:43:29,169 - INFO - Skipping NA1M03300T (Already Analyzed)
2025-12-20 09:43:29,169 - INFO - Skipping NAIC80800G (Already Analyzed)
2025-12-20 09:43:29,169 - INFO - Analyzing NAIC8C000R...
2025-12-20 09:43:29,171 - WARNING - Empty text for NAIC8C000R
2025-12-20 09:43:29,171 - INFO - Analyzing NARH105008...
2025-12-20 09:43:29,173 - WARNING - Empty text for NARH105008
2025-12-20 09:43:29,173 - INFO - Skipping NATF130009 (Already Analyzed)
2025-12-20 09:43:29,173 - INFO - Skipping PAPC030004 (Already Analyzed)
2025-12-20 09:43:29,173 - INFO - Skipping PATDEE500L (Already Analyzed)
2025-12-20 09:43:29,173 - INFO - Skipping PVIS006008 (Already Analyzed)
2025-12-20 09:43:29,173 - INFO - Skipping PCPC00500A (Already Analyzed)
2025-12-20 09:43:29,173 - INFO - Analyzing PEIS00300X...
2025-12-20 09:43:29,174 - ERROR - Error processing PDF ptof/PEIS00300X_PTOF.pdf: 'PdfReader' object has no attribute 'stream'
2025-12-20 09:43:29,174 - WARNING - Empty text for PEIS00300X
2025-12-20 09:43:29,174 - INFO - Skipping RGIS01300V (Already Analyzed)
2025-12-20 09:43:29,174 - INFO - Skipping RAIC82800B (Already Analyzed)
2025-12-20 09:43:29,174 - INFO - Analyzing AGIS018009...
2025-12-20 09:43:29,200 - INFO - Extracted 1 chunks for AGIS018009
2025-12-20 09:43:29,200 - WARNING - ⏩ SKIPPED AGIS018009: Not recognized as PTOF
2025-12-20 09:43:29,200 - INFO - Skipping MIIS08900V (Already Analyzed)
2025-12-20 09:43:29,200 - INFO - Skipping RMIC80600V (Already Analyzed)
2025-12-20 09:43:29,200 - INFO - Skipping RMIC8C600P (Already Analyzed)
2025-12-20 09:43:29,200 - INFO - Analyzing RMPL355003...
2025-12-20 09:43:30,506 - INFO - Extracted 17 chunks for RMPL355003
2025-12-20 09:43:30,507 - INFO -   Processing chunk 1/17...
2025-12-20 09:43:45,669 - INFO -   Processing chunk 2/17...
2025-12-20 09:44:00,202 - INFO -   Processing chunk 3/17...
2025-12-20 09:44:13,442 - INFO -   Processing chunk 4/17...
2025-12-20 09:44:24,118 - INFO -   Processing chunk 5/17...
2025-12-20 09:44:33,725 - INFO -   Processing chunk 6/17...
2025-12-20 09:44:49,895 - INFO -   Processing chunk 7/17...
2025-12-20 09:44:53,500 - INFO -   Processing chunk 8/17...
2025-12-20 09:45:10,544 - INFO -   Processing chunk 9/17...
2025-12-20 09:45:22,992 - INFO -   Processing chunk 10/17...
2025-12-20 09:45:39,771 - INFO -   Processing chunk 11/17...
2025-12-20 09:45:49,400 - INFO -   Processing chunk 12/17...
2025-12-20 09:45:55,140 - INFO -   Processing chunk 13/17...
2025-12-20 09:46:05,875 - INFO -   Processing chunk 14/17...
2025-12-20 09:46:16,548 - INFO -   Processing chunk 15/17...
2025-12-20 09:46:28,550 - INFO -   Processing chunk 16/17...
2025-12-20 09:46:37,434 - INFO -   Processing chunk 17/17...
2025-12-20 09:46:42,920 - INFO - Collected 71 findings from all chunks
2025-12-20 09:46:42,922 - INFO - Generating final analysis...
2025-12-20 09:48:06,584 - INFO - Starting Stage 2: Deep Activity Analysis for RMPL355003
2025-12-20 09:48:06,584 - INFO - Stage 2: Deep analyzing 4 activities for RMPL355003
2025-12-20 09:48:06,584 - INFO -   Analyzing activity 1/4: Piano di Orientamento
2025-12-20 09:48:13,269 - INFO -   Analyzing activity 2/4: PCTO
2025-12-20 09:48:19,524 - INFO -   Analyzing activity 3/4: Open Day
2025-12-20 09:48:25,618 - INFO -   Analyzing activity 4/4: Tirocinio Attivo
2025-12-20 09:48:31,655 - INFO - Stage 2 completed: 4 deep analyses generated
2025-12-20 09:48:31,655 - INFO - Starting Stage 3: Narrative Synthesis for RMPL355003
2025-12-20 09:48:31,655 - INFO - Stage 3: Generating narrative synthesis for RMPL355003
2025-12-20 09:48:59,137 - INFO - Stage 3 completed for RMPL355003
2025-12-20 09:48:59,137 - INFO - Starting Stage 4: JSON Validation for RMPL355003
2025-12-20 09:48:59,138 - INFO - Stage 4: Validating JSON consistency for RMPL355003
2025-12-20 09:48:59,139 - INFO -   Negativity analysis: 6 negative words in 12 paragraphs = 50.0%
2025-12-20 09:48:59,139 - WARNING -   Applying correction: Report parzialmente negativo (>30% negatività) - riduzione 20%
2025-12-20 09:48:59,139 - INFO -     Corrected 2_3_finalita.finalita_attitudini: 5 → 4
2025-12-20 09:48:59,139 - INFO -     Corrected 2_3_finalita.finalita_interessi: 5 → 4
2025-12-20 09:48:59,139 - INFO -     Corrected 2_3_finalita.finalita_progetto_vita: 5 → 4
2025-12-20 09:48:59,139 - INFO -     Corrected 2_3_finalita.finalita_transizioni_formative: 7 → 6
2025-12-20 09:48:59,139 - INFO -     Corrected 2_3_finalita.finalita_capacita_orientative_opportunita: 6 → 5
2025-12-20 09:48:59,139 - INFO -     Corrected 2_4_obiettivi.obiettivo_ridurre_abbandono: 5 → 4
2025-12-20 09:48:59,139 - INFO -     Corrected 2_4_obiettivi.obiettivo_continuita_territorio: 4 → 3
2025-12-20 09:48:59,139 - INFO -     Corrected 2_4_obiettivi.obiettivo_contrastare_neet: 3 → 2
2025-12-20 09:48:59,139 - INFO -     Corrected 2_4_obiettivi.obiettivo_lifelong_learning: 6 → 5
2025-12-20 09:48:59,140 - INFO -     Corrected 2_5_azioni_sistema.azione_coordinamento_servizi: 4 → 3
2025-12-20 09:48:59,140 - INFO -     Corrected 2_5_azioni_sistema.azione_dialogo_docenti_studenti: 5 → 4
2025-12-20 09:48:59,140 - INFO -     Corrected 2_5_azioni_sistema.azione_rapporto_scuola_genitori: 4 → 3
2025-12-20 09:48:59,140 - INFO -     Corrected 2_5_azioni_sistema.azione_monitoraggio_azioni: 3 → 2
2025-12-20 09:48:59,140 - INFO -     Corrected 2_5_azioni_sistema.azione_sistema_integrato_inclusione_fragilita: 4 → 3
2025-12-20 09:48:59,140 - INFO -     Corrected 2_6_didattica_orientativa.didattica_da_esperienza_studenti: 5 → 4
2025-12-20 09:48:59,140 - INFO -     Corrected 2_6_didattica_orientativa.didattica_laboratoriale: 6 → 5
2025-12-20 09:48:59,140 - INFO -     Corrected 2_6_didattica_orientativa.didattica_flessibilita_spazi_tempi: 4 → 3
2025-12-20 09:48:59,140 - INFO -     Corrected 2_6_didattica_orientativa.didattica_interdisciplinare: 4 → 3
2025-12-20 09:48:59,140 - INFO -     Corrected 2_7_opzionali_facoltative.opzionali_culturali: 4 → 3
2025-12-20 09:48:59,140 - INFO -     Corrected 2_7_opzionali_facoltative.opzionali_laboratoriali_espressive: 4 → 3
2025-12-20 09:48:59,140 - INFO -     Corrected 2_7_opzionali_facoltative.opzionali_volontariato: 4 → 3
2025-12-20 09:48:59,140 - INFO -     Corrected 2_7_opzionali_facoltative.opzionali_sportive: 4 → 3
2025-12-20 09:48:59,140 - INFO -   Stage 4 completed: JSON scores reduced proportionally
2025-12-20 09:48:59,141 - WARNING -   JSON scores were corrected based on narrative analysis
2025-12-20 09:48:59,144 - INFO - ✅ Analyzed RMPL355003 in 277.4s
2025-12-20 09:49:04,153 - INFO - Analyzing RMPS37000A...
2025-12-20 09:49:04,219 - INFO - Extracted 1 chunks for RMPS37000A
2025-12-20 09:49:04,219 - INFO -   Processing chunk 1/1...
2025-12-20 09:49:12,849 - INFO - Collected 3 findings from all chunks
2025-12-20 09:49:12,850 - INFO - Generating final analysis...
2025-12-20 09:50:07,735 - INFO - Starting Stage 2: Deep Activity Analysis for RMPS37000A
2025-12-20 09:50:07,736 - INFO - Stage 2: Deep analyzing 2 activities for RMPS37000A
2025-12-20 09:50:07,736 - INFO -   Analyzing activity 1/2: Programmazione Disciplinare
2025-12-20 09:50:14,410 - INFO -   Analyzing activity 2/2: Presentazione Progetti Offerta Formativa
2025-12-20 09:50:20,656 - INFO - Stage 2 completed: 2 deep analyses generated
2025-12-20 09:50:20,656 - INFO - Starting Stage 3: Narrative Synthesis for RMPS37000A
2025-12-20 09:50:20,656 - INFO - Stage 3: Generating narrative synthesis for RMPS37000A
2025-12-20 09:50:45,652 - INFO - Stage 3 completed for RMPS37000A
2025-12-20 09:50:45,652 - INFO - Starting Stage 4: JSON Validation for RMPS37000A
2025-12-20 09:50:45,652 - INFO - Stage 4: Validating JSON consistency for RMPS37000A
2025-12-20 09:50:45,653 - INFO -   Negativity analysis: 10 negative words in 12 paragraphs = 83.3%
2025-12-20 09:50:45,653 - WARNING -   Applying correction: Report molto negativo (>70% negatività) - riduzione 60%
2025-12-20 09:50:45,653 - INFO -     Corrected 2_3_finalita.finalita_attitudini: 2 → 1
2025-12-20 09:50:45,653 - INFO -     Corrected 2_3_finalita.finalita_interessi: 2 → 1
2025-12-20 09:50:45,653 - INFO -     Corrected 2_3_finalita.finalita_progetto_vita: 2 → 1
2025-12-20 09:50:45,653 - INFO -     Corrected 2_3_finalita.finalita_transizioni_formative: 3 → 1
2025-12-20 09:50:45,653 - INFO -     Corrected 2_3_finalita.finalita_capacita_orientative_opportunita: 2 → 1
2025-12-20 09:50:45,653 - INFO -     Corrected 2_5_azioni_sistema.azione_dialogo_docenti_studenti: 2 → 1
2025-12-20 09:50:45,653 - INFO -   Stage 4 completed: JSON scores reduced proportionally
2025-12-20 09:50:45,653 - WARNING -   JSON scores were corrected based on narrative analysis
2025-12-20 09:50:45,656 - INFO - ✅ Analyzed RMPS37000A in 63.6s
2025-12-20 09:50:50,666 - INFO - Analyzing ROIS012001...
2025-12-20 09:50:52,062 - INFO - Extracted 42 chunks for ROIS012001
2025-12-20 09:50:52,062 - INFO -   Processing chunk 1/42...
2025-12-20 09:51:00,626 - INFO -   Processing chunk 2/42...
2025-12-20 09:51:13,681 - INFO -   Processing chunk 3/42...
2025-12-20 09:51:27,826 - INFO -   Processing chunk 4/42...
2025-12-20 09:51:45,600 - INFO -   Processing chunk 5/42...
2025-12-20 09:51:59,661 - INFO -   Processing chunk 6/42...
2025-12-20 09:52:08,132 - INFO -   Processing chunk 7/42...
2025-12-20 09:52:17,903 - INFO -   Processing chunk 8/42...
2025-12-20 09:52:27,470 - INFO -   Processing chunk 9/42...
2025-12-20 09:52:43,454 - INFO -   Processing chunk 10/42...
2025-12-20 09:52:56,429 - INFO -   Processing chunk 11/42...
2025-12-20 09:53:05,856 - INFO -   Processing chunk 12/42...
2025-12-20 09:53:09,438 - INFO -   Processing chunk 13/42...
2025-12-20 09:53:13,015 - INFO -   Processing chunk 14/42...
2025-12-20 09:53:16,530 - INFO -   Processing chunk 15/42...
2025-12-20 09:53:29,189 - INFO -   Processing chunk 16/42...
2025-12-20 09:53:41,324 - INFO -   Processing chunk 17/42...
2025-12-20 09:53:47,423 - INFO -   Processing chunk 18/42...
2025-12-20 09:53:51,287 - INFO -   Processing chunk 19/42...
2025-12-20 09:54:05,080 - INFO -   Processing chunk 20/42...
2025-12-20 09:54:16,841 - INFO -   Processing chunk 21/42...
2025-12-20 09:54:31,512 - INFO -   Processing chunk 22/42...
2025-12-20 09:54:45,545 - INFO -   Processing chunk 23/42...
2025-12-20 09:54:59,890 - INFO -   Processing chunk 24/42...
2025-12-20 09:55:15,737 - INFO -   Processing chunk 25/42...
2025-12-20 09:55:29,021 - INFO -   Processing chunk 26/42...
2025-12-20 09:55:42,747 - INFO -   Processing chunk 27/42...
2025-12-20 09:55:51,568 - INFO -   Processing chunk 28/42...
2025-12-20 09:56:06,039 - INFO -   Processing chunk 29/42...
2025-12-20 09:56:20,847 - INFO -   Processing chunk 30/42...
2025-12-20 09:56:32,303 - INFO -   Processing chunk 31/42...
2025-12-20 09:56:44,585 - INFO -   Processing chunk 32/42...
2025-12-20 09:56:51,627 - INFO -   Processing chunk 33/42...
2025-12-20 09:56:55,686 - INFO -   Processing chunk 34/42...
2025-12-20 09:57:06,303 - INFO -   Processing chunk 35/42...
2025-12-20 09:57:13,347 - INFO -   Processing chunk 36/42...
2025-12-20 09:57:29,035 - INFO -   Processing chunk 37/42...
2025-12-20 09:57:41,169 - INFO -   Processing chunk 38/42...
2025-12-20 09:57:49,033 - INFO -   Processing chunk 39/42...
2025-12-20 09:57:56,731 - INFO -   Processing chunk 40/42...
2025-12-20 09:58:11,734 - INFO -   Processing chunk 41/42...
2025-12-20 09:58:24,328 - INFO -   Processing chunk 42/42...
2025-12-20 09:58:27,379 - INFO - Collected 170 findings from all chunks
2025-12-20 09:58:27,383 - INFO - Generating final analysis...
2025-12-20 09:59:52,475 - INFO - Starting Stage 2: Deep Activity Analysis for ROIS012001
2025-12-20 09:59:52,477 - INFO - Stage 2: Deep analyzing 4 activities for ROIS012001
2025-12-20 09:59:52,477 - INFO -   Analyzing activity 1/4: PCTO
2025-12-20 09:59:59,426 - INFO -   Analyzing activity 2/4: Visite aziendali
2025-12-20 10:00:06,457 - INFO -   Analyzing activity 3/4: Incontri con esperti
2025-12-20 10:00:13,010 - INFO -   Analyzing activity 4/4: Tutoring tra pari
2025-12-20 10:00:19,465 - INFO - Stage 2 completed: 4 deep analyses generated
2025-12-20 10:00:19,466 - INFO - Starting Stage 3: Narrative Synthesis for ROIS012001
2025-12-20 10:00:19,466 - INFO - Stage 3: Generating narrative synthesis for ROIS012001
2025-12-20 10:00:47,209 - INFO - Stage 3 completed for ROIS012001
2025-12-20 10:00:47,210 - INFO - Starting Stage 4: JSON Validation for ROIS012001
2025-12-20 10:00:47,210 - INFO - Stage 4: Validating JSON consistency for ROIS012001
2025-12-20 10:00:47,210 - INFO -   Negativity analysis: 8 negative words in 12 paragraphs = 66.7%
2025-12-20 10:00:47,210 - WARNING -   Applying correction: Report negativo (>50% negatività) - riduzione 40%
2025-12-20 10:00:47,210 - INFO -     Corrected 2_3_finalita.finalita_attitudini: 6 → 4
2025-12-20 10:00:47,210 - INFO -     Corrected 2_3_finalita.finalita_interessi: 5 → 3
2025-12-20 10:00:47,210 - INFO -     Corrected 2_3_finalita.finalita_progetto_vita: 6 → 4
2025-12-20 10:00:47,210 - INFO -     Corrected 2_3_finalita.finalita_transizioni_formative: 5 → 3
2025-12-20 10:00:47,210 - INFO -     Corrected 2_3_finalita.finalita_capacita_orientative_opportunita: 6 → 4
2025-12-20 10:00:47,210 - INFO -     Corrected 2_4_obiettivi.obiettivo_ridurre_abbandono: 5 → 3
2025-12-20 10:00:47,210 - INFO -     Corrected 2_4_obiettivi.obiettivo_continuita_territorio: 6 → 4
2025-12-20 10:00:47,210 - INFO -     Corrected 2_4_obiettivi.obiettivo_contrastare_neet: 4 → 2
2025-12-20 10:00:47,210 - INFO -     Corrected 2_4_obiettivi.obiettivo_lifelong_learning: 5 → 3
2025-12-20 10:00:47,210 - INFO -     Corrected 2_5_azioni_sistema.azione_coordinamento_servizi: 6 → 4
2025-12-20 10:00:47,210 - INFO -     Corrected 2_5_azioni_sistema.azione_dialogo_docenti_studenti: 6 → 4
2025-12-20 10:00:47,210 - INFO -     Corrected 2_5_azioni_sistema.azione_rapporto_scuola_genitori: 6 → 4
2025-12-20 10:00:47,210 - INFO -     Corrected 2_5_azioni_sistema.azione_monitoraggio_azioni: 4 → 2
2025-12-20 10:00:47,210 - INFO -     Corrected 2_5_azioni_sistema.azione_sistema_integrato_inclusione_fragilita: 7 → 4
2025-12-20 10:00:47,210 - INFO -     Corrected 2_6_didattica_orientativa.didattica_da_esperienza_studenti: 6 → 4
2025-12-20 10:00:47,210 - INFO -     Corrected 2_6_didattica_orientativa.didattica_laboratoriale: 6 → 4
2025-12-20 10:00:47,210 - INFO -     Corrected 2_6_didattica_orientativa.didattica_flessibilita_spazi_tempi: 4 → 2
2025-12-20 10:00:47,210 - INFO -     Corrected 2_6_didattica_orientativa.didattica_interdisciplinare: 5 → 3
2025-12-20 10:00:47,210 - INFO -     Corrected 2_7_opzionali_facoltative.opzionali_culturali: 3 → 2
2025-12-20 10:00:47,210 - INFO -     Corrected 2_7_opzionali_facoltative.opzionali_laboratoriali_espressive: 5 → 3
2025-12-20 10:00:47,210 - INFO -     Corrected 2_7_opzionali_facoltative.opzionali_ludiche_ricreative: 3 → 2
2025-12-20 10:00:47,210 - INFO -     Corrected 2_7_opzionali_facoltative.opzionali_volontariato: 5 → 3
2025-12-20 10:00:47,210 - INFO -     Corrected 2_7_opzionali_facoltative.opzionali_sportive: 4 → 2
2025-12-20 10:00:47,211 - INFO -   Stage 4 completed: JSON scores reduced proportionally
2025-12-20 10:00:47,211 - WARNING -   JSON scores were corrected based on narrative analysis
2025-12-20 10:00:47,213 - INFO - ✅ Analyzed ROIS012001 in 541.8s
2025-12-20 10:00:52,215 - INFO - Analyzing SAIS00600E...
2025-12-20 10:00:52,266 - INFO - Extracted 1 chunks for SAIS00600E
2025-12-20 10:00:52,266 - INFO -   Processing chunk 1/1...
2025-12-20 10:00:55,435 - INFO - Collected 0 findings from all chunks
2025-12-20 10:00:55,435 - INFO - Generating final analysis...
2025-12-20 10:01:45,694 - INFO - Starting Stage 2: Deep Activity Analysis for SAIS00600E
2025-12-20 10:01:45,695 - WARNING - No activities found for SAIS00600E
2025-12-20 10:01:45,695 - INFO - Starting Stage 3: Narrative Synthesis for SAIS00600E
2025-12-20 10:01:45,695 - INFO - Stage 3: Generating narrative synthesis for SAIS00600E
2025-12-20 10:01:58,521 - INFO - Stage 3 completed for SAIS00600E
2025-12-20 10:01:58,522 - INFO - Starting Stage 4: JSON Validation for SAIS00600E
2025-12-20 10:01:58,522 - INFO - Stage 4: Validating JSON consistency for SAIS00600E
2025-12-20 10:01:58,522 - INFO -   Negativity analysis: 11 negative words in 8 paragraphs = 137.5%
2025-12-20 10:01:58,522 - WARNING -   Applying correction: Report molto negativo (>70% negatività) - riduzione 60%
2025-12-20 10:01:58,522 - INFO -   Stage 4 completed: No scores needed reduction
2025-12-20 10:01:58,525 - INFO - ✅ Analyzed SAIS00600E in 53.5s
2025-12-20 10:02:03,526 - INFO - Analyzing SAIS059003...
2025-12-20 10:02:03,565 - INFO - Extracted 1 chunks for SAIS059003
2025-12-20 10:02:03,565 - INFO -   Processing chunk 1/1...
2025-12-20 10:02:06,692 - INFO - Collected 0 findings from all chunks
2025-12-20 10:02:06,692 - INFO - Generating final analysis...
2025-12-20 10:02:51,785 - INFO - Starting Stage 2: Deep Activity Analysis for SAIS059003
2025-12-20 10:02:51,786 - WARNING - No activities found for SAIS059003
2025-12-20 10:02:51,786 - INFO - Starting Stage 3: Narrative Synthesis for SAIS059003
2025-12-20 10:02:51,786 - INFO - Stage 3: Generating narrative synthesis for SAIS059003
2025-12-20 10:03:04,031 - INFO - Stage 3 completed for SAIS059003
2025-12-20 10:03:04,031 - INFO - Starting Stage 4: JSON Validation for SAIS059003
2025-12-20 10:03:04,031 - INFO - Stage 4: Validating JSON consistency for SAIS059003
2025-12-20 10:03:04,032 - INFO -   Negativity analysis: 11 negative words in 9 paragraphs = 122.2%
2025-12-20 10:03:04,032 - WARNING -   Applying correction: Report molto negativo (>70% negatività) - riduzione 60%
2025-12-20 10:03:04,032 - INFO -   Stage 4 completed: No scores needed reduction
2025-12-20 10:03:04,036 - INFO - ✅ Analyzed SAIS059003 in 48.3s
2025-12-20 10:03:09,051 - INFO - Analyzing CSIS06700R...
2025-12-20 10:03:10,737 - INFO - Extracted 33 chunks for CSIS06700R
2025-12-20 10:03:10,737 - INFO -   Processing chunk 1/33...
2025-12-20 10:03:16,459 - INFO -   Processing chunk 2/33...
2025-12-20 10:03:26,642 - INFO -   Processing chunk 3/33...
2025-12-20 10:03:33,743 - WARNING -   Failed to parse chunk 3 response
2025-12-20 10:03:35,745 - INFO -   Processing chunk 4/33...
2025-12-20 10:03:47,062 - INFO -   Processing chunk 5/33...
2025-12-20 10:03:58,082 - INFO -   Processing chunk 6/33...
2025-12-20 10:04:11,490 - INFO -   Processing chunk 7/33...
2025-12-20 10:04:22,820 - INFO -   Processing chunk 8/33...
2025-12-20 10:04:29,456 - INFO -   Processing chunk 9/33...
2025-12-20 10:04:40,677 - INFO -   Processing chunk 10/33...
2025-12-20 10:04:44,268 - INFO -   Processing chunk 11/33...
2025-12-20 10:04:47,948 - INFO -   Processing chunk 12/33...
2025-12-20 10:05:04,048 - INFO -   Processing chunk 13/33...
2025-12-20 10:05:07,706 - INFO -   Processing chunk 14/33...
2025-12-20 10:05:15,343 - INFO -   Processing chunk 15/33...
2025-12-20 10:05:26,315 - INFO -   Processing chunk 16/33...
2025-12-20 10:05:39,916 - INFO -   Processing chunk 17/33...
2025-12-20 10:05:49,905 - INFO -   Processing chunk 18/33...
2025-12-20 10:06:16,144 - INFO -   Processing chunk 19/33...
2025-12-20 10:06:38,646 - INFO -   Processing chunk 20/33...
2025-12-20 10:06:50,833 - INFO -   Processing chunk 21/33...
2025-12-20 10:07:09,281 - INFO -   Processing chunk 22/33...
2025-12-20 10:07:25,553 - INFO -   Processing chunk 23/33...
2025-12-20 10:07:32,748 - INFO -   Processing chunk 24/33...
2025-12-20 10:07:43,041 - INFO -   Processing chunk 25/33...
2025-12-20 10:07:54,896 - INFO -   Processing chunk 26/33...
2025-12-20 10:07:58,438 - INFO -   Processing chunk 27/33...
2025-12-20 10:08:07,618 - INFO -   Processing chunk 28/33...
2025-12-20 10:08:22,845 - INFO -   Processing chunk 29/33...
2025-12-20 10:08:30,097 - INFO -   Processing chunk 30/33...
2025-12-20 10:08:39,343 - INFO -   Processing chunk 31/33...
2025-12-20 10:08:44,594 - INFO -   Processing chunk 32/33...
2025-12-20 10:08:58,578 - WARNING -   Failed to parse chunk 32 response
2025-12-20 10:09:00,584 - INFO -   Processing chunk 33/33...
2025-12-20 10:09:09,437 - INFO - Collected 123 findings from all chunks
2025-12-20 10:09:09,441 - INFO - Generating final analysis...
2025-12-20 10:10:35,591 - INFO - Starting Stage 2: Deep Activity Analysis for CSIS06700R
2025-12-20 10:10:35,591 - INFO - Stage 2: Deep analyzing 3 activities for CSIS06700R
2025-12-20 10:10:35,591 - INFO -   Analyzing activity 1/3: PCTO Aziende
2025-12-20 10:10:42,320 - INFO -   Analyzing activity 2/3: Open Day
2025-12-20 10:10:50,181 - INFO -   Analyzing activity 3/3: Progetto Olio
2025-12-20 10:10:56,836 - INFO - Stage 2 completed: 3 deep analyses generated
2025-12-20 10:10:56,836 - INFO - Starting Stage 3: Narrative Synthesis for CSIS06700R
2025-12-20 10:10:56,836 - INFO - Stage 3: Generating narrative synthesis for CSIS06700R
2025-12-20 10:11:23,128 - INFO - Stage 3 completed for CSIS06700R
2025-12-20 10:11:23,129 - INFO - Starting Stage 4: JSON Validation for CSIS06700R
2025-12-20 10:11:23,129 - INFO - Stage 4: Validating JSON consistency for CSIS06700R
2025-12-20 10:11:23,130 - INFO -   Negativity analysis: 8 negative words in 11 paragraphs = 72.7%
2025-12-20 10:11:23,130 - WARNING -   Applying correction: Report molto negativo (>70% negatività) - riduzione 60%
2025-12-20 10:11:23,130 - INFO -     Corrected 2_3_finalita.finalita_attitudini: 5 → 2
2025-12-20 10:11:23,130 - INFO -     Corrected 2_3_finalita.finalita_interessi: 4 → 2
2025-12-20 10:11:23,130 - INFO -     Corrected 2_3_finalita.finalita_progetto_vita: 6 → 2
2025-12-20 10:11:23,130 - INFO -     Corrected 2_3_finalita.finalita_transizioni_formative: 6 → 2
2025-12-20 10:11:23,130 - INFO -     Corrected 2_3_finalita.finalita_capacita_orientative_opportunita: 5 → 2
2025-12-20 10:11:23,131 - INFO -     Corrected 2_4_obiettivi.obiettivo_ridurre_abbandono: 6 → 2
2025-12-20 10:11:23,131 - INFO -     Corrected 2_4_obiettivi.obiettivo_continuita_territorio: 6 → 2
2025-12-20 10:11:23,131 - INFO -     Corrected 2_4_obiettivi.obiettivo_contrastare_neet: 5 → 2
2025-12-20 10:11:23,131 - INFO -     Corrected 2_4_obiettivi.obiettivo_lifelong_learning: 5 → 2
2025-12-20 10:11:23,131 - INFO -     Corrected 2_5_azioni_sistema.azione_coordinamento_servizi: 3 → 1
2025-12-20 10:11:23,131 - INFO -     Corrected 2_5_azioni_sistema.azione_dialogo_docenti_studenti: 5 → 2
2025-12-20 10:11:23,131 - INFO -     Corrected 2_5_azioni_sistema.azione_rapporto_scuola_genitori: 4 → 2
2025-12-20 10:11:23,131 - INFO -     Corrected 2_5_azioni_sistema.azione_monitoraggio_azioni: 2 → 1
2025-12-20 10:11:23,131 - INFO -     Corrected 2_5_azioni_sistema.azione_sistema_integrato_inclusione_fragilita: 6 → 2
2025-12-20 10:11:23,132 - INFO -     Corrected 2_6_didattica_orientativa.didattica_da_esperienza_studenti: 6 → 2
2025-12-20 10:11:23,132 - INFO -     Corrected 2_6_didattica_orientativa.didattica_laboratoriale: 6 → 2
2025-12-20 10:11:23,132 - INFO -     Corrected 2_6_didattica_orientativa.didattica_flessibilita_spazi_tempi: 4 → 2
2025-12-20 10:11:23,132 - INFO -     Corrected 2_6_didattica_orientativa.didattica_interdisciplinare: 5 → 2
2025-12-20 10:11:23,132 - INFO -     Corrected 2_7_opzionali_facoltative.opzionali_culturali: 5 → 2
2025-12-20 10:11:23,132 - INFO -     Corrected 2_7_opzionali_facoltative.opzionali_laboratoriali_espressive: 6 → 2
2025-12-20 10:11:23,132 - INFO -     Corrected 2_7_opzionali_facoltative.opzionali_ludiche_ricreative: 3 → 1
2025-12-20 10:11:23,132 - INFO -     Corrected 2_7_opzionali_facoltative.opzionali_volontariato: 4 → 2
2025-12-20 10:11:23,132 - INFO -     Corrected 2_7_opzionali_facoltative.opzionali_sportive: 3 → 1
2025-12-20 10:11:23,132 - INFO -   Stage 4 completed: JSON scores reduced proportionally
2025-12-20 10:11:23,132 - WARNING -   JSON scores were corrected based on narrative analysis
2025-12-20 10:11:23,137 - INFO - ✅ Analyzed CSIS06700R in 446.5s
2025-12-20 10:11:28,145 - INFO - Analyzing PRIS00200Q...
2025-12-20 10:11:28,979 - INFO - Extracted 26 chunks for PRIS00200Q
2025-12-20 10:11:28,979 - INFO -   Processing chunk 1/26...
2025-12-20 10:11:37,427 - INFO -   Processing chunk 2/26...
2025-12-20 10:11:55,218 - INFO -   Processing chunk 3/26...
2025-12-20 10:12:08,312 - INFO -   Processing chunk 4/26...
2025-12-20 10:12:13,634 - INFO -   Processing chunk 5/26...
2025-12-20 10:12:27,108 - INFO -   Processing chunk 6/26...
2025-12-20 10:12:38,226 - INFO -   Processing chunk 7/26...
2025-12-20 10:12:52,168 - INFO -   Processing chunk 8/26...
2025-12-20 10:13:00,449 - INFO -   Processing chunk 9/26...
2025-12-20 10:13:04,312 - INFO -   Processing chunk 10/26...
2025-12-20 10:13:26,267 - INFO -   Processing chunk 11/26...
2025-12-20 10:13:40,038 - INFO -   Processing chunk 12/26...
2025-12-20 10:13:49,030 - INFO -   Processing chunk 13/26...
2025-12-20 10:14:07,267 - INFO -   Processing chunk 14/26...
2025-12-20 10:14:25,518 - INFO -   Processing chunk 15/26...
2025-12-20 10:14:42,491 - INFO -   Processing chunk 16/26...
2025-12-20 10:15:00,586 - INFO -   Processing chunk 17/26...
2025-12-20 10:15:09,996 - INFO -   Processing chunk 18/26...
2025-12-20 10:15:23,752 - INFO -   Processing chunk 19/26...
2025-12-20 10:15:36,121 - INFO -   Processing chunk 20/26...
2025-12-20 10:15:48,505 - INFO -   Processing chunk 21/26...
2025-12-20 10:16:02,081 - INFO -   Processing chunk 22/26...
2025-12-20 10:16:09,040 - INFO -   Processing chunk 23/26...
2025-12-20 10:16:18,301 - INFO -   Processing chunk 24/26...
2025-12-20 10:16:30,274 - INFO -   Processing chunk 25/26...
2025-12-20 10:16:33,693 - INFO -   Processing chunk 26/26...
2025-12-20 10:16:46,001 - INFO - Collected 124 findings from all chunks
2025-12-20 10:16:46,002 - INFO - Generating final analysis...
2025-12-20 10:18:03,755 - INFO - Starting Stage 2: Deep Activity Analysis for PRIS00200Q
2025-12-20 10:18:03,757 - INFO - Stage 2: Deep analyzing 3 activities for PRIS00200Q
2025-12-20 10:18:03,757 - INFO -   Analyzing activity 1/3: PCTO in Azienda
2025-12-20 10:18:10,342 - INFO -   Analyzing activity 2/3: Visite Universitarie
2025-12-20 10:18:16,684 - INFO -   Analyzing activity 3/3: Laboratori Teatrali
2025-12-20 10:18:22,827 - INFO - Stage 2 completed: 3 deep analyses generated
2025-12-20 10:18:22,829 - INFO - Starting Stage 3: Narrative Synthesis for PRIS00200Q
2025-12-20 10:18:22,829 - INFO - Stage 3: Generating narrative synthesis for PRIS00200Q
2025-12-20 10:18:51,146 - INFO - Stage 3 completed for PRIS00200Q
2025-12-20 10:18:51,146 - INFO - Starting Stage 4: JSON Validation for PRIS00200Q
2025-12-20 10:18:51,147 - INFO - Stage 4: Validating JSON consistency for PRIS00200Q
2025-12-20 10:18:51,147 - INFO -   Negativity analysis: 8 negative words in 11 paragraphs = 72.7%
2025-12-20 10:18:51,147 - WARNING -   Applying correction: Report molto negativo (>70% negatività) - riduzione 60%
2025-12-20 10:18:51,147 - INFO -     Corrected 2_3_finalita.finalita_attitudini: 6 → 2
2025-12-20 10:18:51,147 - INFO -     Corrected 2_3_finalita.finalita_interessi: 6 → 2
2025-12-20 10:18:51,147 - INFO -     Corrected 2_3_finalita.finalita_progetto_vita: 5 → 2
2025-12-20 10:18:51,147 - INFO -     Corrected 2_3_finalita.finalita_transizioni_formative: 7 → 3
2025-12-20 10:18:51,147 - INFO -     Corrected 2_3_finalita.finalita_capacita_orientative_opportunita: 6 → 2
2025-12-20 10:18:51,147 - INFO -     Corrected 2_4_obiettivi.obiettivo_ridurre_abbandono: 4 → 2
2025-12-20 10:18:51,147 - INFO -     Corrected 2_4_obiettivi.obiettivo_continuita_territorio: 7 → 3
2025-12-20 10:18:51,147 - INFO -     Corrected 2_4_obiettivi.obiettivo_contrastare_neet: 3 → 1
2025-12-20 10:18:51,147 - INFO -     Corrected 2_4_obiettivi.obiettivo_lifelong_learning: 5 → 2
2025-12-20 10:18:51,147 - INFO -     Corrected 2_5_azioni_sistema.azione_coordinamento_servizi: 5 → 2
2025-12-20 10:18:51,147 - INFO -     Corrected 2_5_azioni_sistema.azione_dialogo_docenti_studenti: 6 → 2
2025-12-20 10:18:51,147 - INFO -     Corrected 2_5_azioni_sistema.azione_rapporto_scuola_genitori: 4 → 2
2025-12-20 10:18:51,147 - INFO -     Corrected 2_5_azioni_sistema.azione_monitoraggio_azioni: 5 → 2
2025-12-20 10:18:51,147 - INFO -     Corrected 2_5_azioni_sistema.azione_sistema_integrato_inclusione_fragilita: 5 → 2
2025-12-20 10:18:51,147 - INFO -     Corrected 2_6_didattica_orientativa.didattica_da_esperienza_studenti: 7 → 3
2025-12-20 10:18:51,147 - INFO -     Corrected 2_6_didattica_orientativa.didattica_laboratoriale: 6 → 2
2025-12-20 10:18:51,147 - INFO -     Corrected 2_6_didattica_orientativa.didattica_flessibilita_spazi_tempi: 3 → 1
2025-12-20 10:18:51,147 - INFO -     Corrected 2_6_didattica_orientativa.didattica_interdisciplinare: 4 → 2
2025-12-20 10:18:51,147 - INFO -     Corrected 2_7_opzionali_facoltative.opzionali_culturali: 3 → 1
2025-12-20 10:18:51,147 - INFO -     Corrected 2_7_opzionali_facoltative.opzionali_laboratoriali_espressive: 5 → 2
2025-12-20 10:18:51,147 - INFO -     Corrected 2_7_opzionali_facoltative.opzionali_ludiche_ricreative: 3 → 1
2025-12-20 10:18:51,147 - INFO -     Corrected 2_7_opzionali_facoltative.opzionali_volontariato: 4 → 2
2025-12-20 10:18:51,147 - INFO -     Corrected 2_7_opzionali_facoltative.opzionali_sportive: 3 → 1
2025-12-20 10:18:51,147 - INFO -   Stage 4 completed: JSON scores reduced proportionally
2025-12-20 10:18:51,147 - WARNING -   JSON scores were corrected based on narrative analysis
2025-12-20 10:18:51,149 - INFO - ✅ Analyzed PRIS00200Q in 395.6s
2025-12-20 10:18:56,155 - INFO - Analyzing SOIC82100B...
2025-12-20 10:18:56,207 - INFO - Extracted 1 chunks for SOIC82100B
2025-12-20 10:18:56,207 - INFO -   Processing chunk 1/1...
2025-12-20 10:19:06,315 - INFO - Collected 4 findings from all chunks
2025-12-20 10:19:06,317 - INFO - Generating final analysis...
2025-12-20 10:20:15,415 - INFO - Starting Stage 2: Deep Activity Analysis for SOIC82100B
2025-12-20 10:20:15,416 - INFO - Stage 2: Deep analyzing 3 activities for SOIC82100B
2025-12-20 10:20:15,416 - INFO -   Analyzing activity 1/3: Progetti di Continuità
2025-12-20 10:20:21,266 - INFO -   Analyzing activity 2/3: Incontri con Esperti
2025-12-20 10:20:26,357 - INFO -   Analyzing activity 3/3: Percorsi di Educazione alla Cittadinanza
2025-12-20 10:20:32,604 - INFO - Stage 2 completed: 3 deep analyses generated
2025-12-20 10:20:32,604 - INFO - Starting Stage 3: Narrative Synthesis for SOIC82100B
2025-12-20 10:20:32,604 - INFO - Stage 3: Generating narrative synthesis for SOIC82100B
2025-12-20 10:21:02,782 - INFO - Stage 3 completed for SOIC82100B
2025-12-20 10:21:02,783 - INFO - Starting Stage 4: JSON Validation for SOIC82100B
2025-12-20 10:21:02,783 - INFO - Stage 4: Validating JSON consistency for SOIC82100B
2025-12-20 10:21:02,783 - INFO -   Negativity analysis: 10 negative words in 11 paragraphs = 90.9%
2025-12-20 10:21:02,783 - WARNING -   Applying correction: Report molto negativo (>70% negatività) - riduzione 60%
2025-12-20 10:21:02,784 - INFO -     Corrected 2_3_finalita.finalita_attitudini: 3 → 1
2025-12-20 10:21:02,784 - INFO -     Corrected 2_3_finalita.finalita_interessi: 3 → 1
2025-12-20 10:21:02,784 - INFO -     Corrected 2_3_finalita.finalita_progetto_vita: 2 → 1
2025-12-20 10:21:02,784 - INFO -     Corrected 2_3_finalita.finalita_transizioni_formative: 3 → 1
2025-12-20 10:21:02,784 - INFO -     Corrected 2_3_finalita.finalita_capacita_orientative_opportunita: 2 → 1
2025-12-20 10:21:02,784 - INFO -     Corrected 2_4_obiettivi.obiettivo_continuita_territorio: 3 → 1
2025-12-20 10:21:02,784 - INFO -     Corrected 2_4_obiettivi.obiettivo_lifelong_learning: 2 → 1
2025-12-20 10:21:02,784 - INFO -     Corrected 2_5_azioni_sistema.azione_dialogo_docenti_studenti: 2 → 1
2025-12-20 10:21:02,784 - INFO -     Corrected 2_6_didattica_orientativa.didattica_da_esperienza_studenti: 2 → 1
2025-12-20 10:21:02,785 - INFO -     Corrected 2_6_didattica_orientativa.didattica_laboratoriale: 2 → 1
2025-12-20 10:21:02,785 - INFO -     Corrected 2_6_didattica_orientativa.didattica_interdisciplinare: 2 → 1
2025-12-20 10:21:02,785 - INFO -   Stage 4 completed: JSON scores reduced proportionally
2025-12-20 10:21:02,785 - WARNING -   JSON scores were corrected based on narrative analysis
2025-12-20 10:21:02,787 - INFO - ✅ Analyzed SOIC82100B in 79.3s
2025-12-20 10:21:07,791 - INFO - Analyzing SOPS050001...
2025-12-20 10:21:08,324 - INFO - Extracted 5 chunks for SOPS050001
2025-12-20 10:21:08,324 - WARNING - ⏩ SKIPPED SOPS050001: Not recognized as PTOF
2025-12-20 10:21:08,325 - INFO - Analyzing SOTA01000X...
2025-12-20 10:21:08,489 - INFO - Extracted 3 chunks for SOTA01000X
2025-12-20 10:21:08,489 - INFO -   Processing chunk 1/3...
2025-12-20 10:21:17,323 - INFO -   Processing chunk 2/3...
2025-12-20 10:21:29,933 - INFO -   Processing chunk 3/3...
2025-12-20 10:21:36,393 - INFO - Collected 9 findings from all chunks
2025-12-20 10:21:36,394 - INFO - Generating final analysis...
2025-12-20 10:22:42,692 - INFO - Starting Stage 2: Deep Activity Analysis for SOTA01000X
2025-12-20 10:22:42,693 - INFO - Stage 2: Deep analyzing 4 activities for SOTA01000X
2025-12-20 10:22:42,693 - INFO -   Analyzing activity 1/4: Progetti Curricolari
2025-12-20 10:22:48,798 - INFO -   Analyzing activity 2/4: Uscite Didattiche e Eventi Culturali
2025-12-20 10:22:55,276 - INFO -   Analyzing activity 3/4: Metodologie Didattiche Attive
2025-12-20 10:23:01,927 - INFO -   Analyzing activity 4/4: Percorsi di Orientamento
2025-12-20 10:23:08,632 - INFO - Stage 2 completed: 4 deep analyses generated
2025-12-20 10:23:08,633 - INFO - Starting Stage 3: Narrative Synthesis for SOTA01000X
2025-12-20 10:23:08,633 - INFO - Stage 3: Generating narrative synthesis for SOTA01000X
2025-12-20 10:23:39,191 - INFO - Stage 3 completed for SOTA01000X
2025-12-20 10:23:39,191 - INFO - Starting Stage 4: JSON Validation for SOTA01000X
2025-12-20 10:23:39,191 - INFO - Stage 4: Validating JSON consistency for SOTA01000X
2025-12-20 10:23:39,191 - INFO -   Negativity analysis: 9 negative words in 12 paragraphs = 75.0%
2025-12-20 10:23:39,192 - WARNING -   Applying correction: Report molto negativo (>70% negatività) - riduzione 60%
2025-12-20 10:23:39,192 - INFO -     Corrected 2_3_finalita.finalita_attitudini: 5 → 2
2025-12-20 10:23:39,192 - INFO -     Corrected 2_3_finalita.finalita_interessi: 4 → 2
2025-12-20 10:23:39,192 - INFO -     Corrected 2_3_finalita.finalita_progetto_vita: 3 → 1
2025-12-20 10:23:39,192 - INFO -     Corrected 2_3_finalita.finalita_transizioni_formative: 5 → 2
2025-12-20 10:23:39,192 - INFO -     Corrected 2_3_finalita.finalita_capacita_orientative_opportunita: 4 → 2
2025-12-20 10:23:39,192 - INFO -     Corrected 2_4_obiettivi.obiettivo_ridurre_abbandono: 3 → 1
2025-12-20 10:23:39,192 - INFO -     Corrected 2_4_obiettivi.obiettivo_continuita_territorio: 4 → 2
2025-12-20 10:23:39,192 - INFO -     Corrected 2_4_obiettivi.obiettivo_contrastare_neet: 2 → 1
2025-12-20 10:23:39,192 - INFO -     Corrected 2_4_obiettivi.obiettivo_lifelong_learning: 3 → 1
2025-12-20 10:23:39,192 - INFO -     Corrected 2_5_azioni_sistema.azione_coordinamento_servizi: 2 → 1
2025-12-20 10:23:39,193 - INFO -     Corrected 2_5_azioni_sistema.azione_dialogo_docenti_studenti: 5 → 2
2025-12-20 10:23:39,193 - INFO -     Corrected 2_5_azioni_sistema.azione_rapporto_scuola_genitori: 2 → 1
2025-12-20 10:23:39,193 - INFO -     Corrected 2_5_azioni_sistema.azione_monitoraggio_azioni: 2 → 1
2025-12-20 10:23:39,193 - INFO -     Corrected 2_5_azioni_sistema.azione_sistema_integrato_inclusione_fragilita: 3 → 1
2025-12-20 10:23:39,193 - INFO -     Corrected 2_6_didattica_orientativa.didattica_da_esperienza_studenti: 6 → 2
2025-12-20 10:23:39,193 - INFO -     Corrected 2_6_didattica_orientativa.didattica_laboratoriale: 6 → 2
2025-12-20 10:23:39,193 - INFO -     Corrected 2_6_didattica_orientativa.didattica_flessibilita_spazi_tempi: 3 → 1
2025-12-20 10:23:39,193 - INFO -     Corrected 2_6_didattica_orientativa.didattica_interdisciplinare: 4 → 2
2025-12-20 10:23:39,193 - INFO -     Corrected 2_7_opzionali_facoltative.opzionali_culturali: 4 → 2
2025-12-20 10:23:39,193 - INFO -     Corrected 2_7_opzionali_facoltative.opzionali_laboratoriali_espressive: 4 → 2
2025-12-20 10:23:39,193 - INFO -     Corrected 2_7_opzionali_facoltative.opzionali_ludiche_ricreative: 2 → 1
2025-12-20 10:23:39,194 - INFO -     Corrected 2_7_opzionali_facoltative.opzionali_volontariato: 2 → 1
2025-12-20 10:23:39,194 - INFO -     Corrected 2_7_opzionali_facoltative.opzionali_sportive: 2 → 1
2025-12-20 10:23:39,194 - INFO -   Stage 4 completed: JSON scores reduced proportionally
2025-12-20 10:23:39,194 - WARNING -   JSON scores were corrected based on narrative analysis
2025-12-20 10:23:39,195 - INFO - ✅ Analyzed SOTA01000X in 94.4s
2025-12-20 10:23:44,201 - INFO - Analyzing SRIC82100E...
2025-12-20 10:23:44,228 - INFO - Extracted 1 chunks for SRIC82100E
2025-12-20 10:23:44,228 - WARNING - ⏩ SKIPPED SRIC82100E: Not recognized as PTOF
2025-12-20 10:23:44,228 - INFO - Analyzing SRTL49500I...
2025-12-20 10:23:46,753 - INFO - Extracted 15 chunks for SRTL49500I
2025-12-20 10:23:46,753 - INFO -   Processing chunk 1/15...
2025-12-20 10:23:51,756 - INFO -   Processing chunk 2/15...
2025-12-20 10:24:01,258 - INFO -   Processing chunk 3/15...
2025-12-20 10:24:10,791 - INFO -   Processing chunk 4/15...
2025-12-20 10:24:23,555 - INFO -   Processing chunk 5/15...
2025-12-20 10:24:32,504 - INFO -   Processing chunk 6/15...
2025-12-20 10:24:57,237 - INFO -   Processing chunk 7/15...
2025-12-20 10:25:19,404 - INFO -   Processing chunk 8/15...
2025-12-20 10:25:50,830 - INFO -   Processing chunk 9/15...
2025-12-20 10:26:18,867 - INFO -   Processing chunk 10/15...
2025-12-20 10:26:31,065 - INFO -   Processing chunk 11/15...
2025-12-20 10:26:35,871 - INFO -   Processing chunk 12/15...
2025-12-20 10:26:45,362 - INFO -   Processing chunk 13/15...
2025-12-20 10:26:55,574 - INFO -   Processing chunk 14/15...
2025-12-20 10:27:03,324 - INFO -   Processing chunk 15/15...
2025-12-20 10:27:30,967 - INFO - Collected 70 findings from all chunks
2025-12-20 10:27:30,970 - INFO - Generating final analysis...
2025-12-20 10:28:51,064 - INFO - Starting Stage 2: Deep Activity Analysis for SRTL49500I
2025-12-20 10:28:51,065 - INFO - Stage 2: Deep analyzing 4 activities for SRTL49500I
2025-12-20 10:28:51,066 - INFO -   Analyzing activity 1/4: Open Day
2025-12-20 10:29:12,693 - INFO -   Analyzing activity 2/4: Laboratori di raccordo
2025-12-20 10:29:41,462 - INFO -   Analyzing activity 3/4: Progetti ponte
2025-12-20 10:30:04,228 - INFO -   Analyzing activity 4/4: Tutoraggio tra pari
2025-12-20 10:30:36,273 - INFO - Stage 2 completed: 4 deep analyses generated
2025-12-20 10:30:36,274 - INFO - Starting Stage 3: Narrative Synthesis for SRTL49500I
2025-12-20 10:30:36,274 - INFO - Stage 3: Generating narrative synthesis for SRTL49500I
2025-12-20 10:31:33,305 - INFO - Stage 3 completed for SRTL49500I
2025-12-20 10:31:33,305 - INFO - Starting Stage 4: JSON Validation for SRTL49500I
2025-12-20 10:31:33,305 - INFO - Stage 4: Validating JSON consistency for SRTL49500I
2025-12-20 10:31:33,306 - INFO -   Negativity analysis: 5 negative words in 12 paragraphs = 41.7%
2025-12-20 10:31:33,306 - WARNING -   Applying correction: Report parzialmente negativo (>30% negatività) - riduzione 20%
2025-12-20 10:31:33,307 - INFO -     Corrected 2_3_finalita.finalita_attitudini: 5 → 4
2025-12-20 10:31:33,307 - INFO -     Corrected 2_3_finalita.finalita_interessi: 5 → 4
2025-12-20 10:31:33,307 - INFO -     Corrected 2_3_finalita.finalita_progetto_vita: 4 → 3
2025-12-20 10:31:33,308 - INFO -     Corrected 2_3_finalita.finalita_transizioni_formative: 6 → 5
2025-12-20 10:31:33,308 - INFO -     Corrected 2_3_finalita.finalita_capacita_orientative_opportunita: 5 → 4
2025-12-20 10:31:33,308 - INFO -     Corrected 2_4_obiettivi.obiettivo_ridurre_abbandono: 3 → 2
2025-12-20 10:31:33,309 - INFO -     Corrected 2_4_obiettivi.obiettivo_continuita_territorio: 5 → 4
2025-12-20 10:31:33,309 - INFO -     Corrected 2_4_obiettivi.obiettivo_lifelong_learning: 4 → 3
2025-12-20 10:31:33,309 - INFO -     Corrected 2_5_azioni_sistema.azione_coordinamento_servizi: 4 → 3
2025-12-20 10:31:33,309 - INFO -     Corrected 2_5_azioni_sistema.azione_dialogo_docenti_studenti: 5 → 4
2025-12-20 10:31:33,309 - INFO -     Corrected 2_5_azioni_sistema.azione_rapporto_scuola_genitori: 5 → 4
2025-12-20 10:31:33,309 - INFO -     Corrected 2_5_azioni_sistema.azione_monitoraggio_azioni: 4 → 3
2025-12-20 10:31:33,310 - INFO -     Corrected 2_5_azioni_sistema.azione_sistema_integrato_inclusione_fragilita: 5 → 4
2025-12-20 10:31:33,310 - INFO -     Corrected 2_6_didattica_orientativa.didattica_da_esperienza_studenti: 5 → 4
2025-12-20 10:31:33,310 - INFO -     Corrected 2_6_didattica_orientativa.didattica_laboratoriale: 6 → 5
2025-12-20 10:31:33,310 - INFO -     Corrected 2_6_didattica_orientativa.didattica_flessibilita_spazi_tempi: 4 → 3
2025-12-20 10:31:33,310 - INFO -     Corrected 2_6_didattica_orientativa.didattica_interdisciplinare: 5 → 4
2025-12-20 10:31:33,310 - INFO -     Corrected 2_7_opzionali_facoltative.opzionali_culturali: 4 → 3
2025-12-20 10:31:33,310 - INFO -     Corrected 2_7_opzionali_facoltative.opzionali_laboratoriali_espressive: 5 → 4
2025-12-20 10:31:33,311 - INFO -     Corrected 2_7_opzionali_facoltative.opzionali_volontariato: 4 → 3
2025-12-20 10:31:33,311 - INFO -     Corrected 2_7_opzionali_facoltative.opzionali_sportive: 3 → 2
2025-12-20 10:31:33,311 - INFO -   Stage 4 completed: JSON scores reduced proportionally
2025-12-20 10:31:33,311 - WARNING -   JSON scores were corrected based on narrative analysis
2025-12-20 10:31:33,316 - INFO - ✅ Analyzed SRTL49500I in 306.8s
2025-12-20 10:31:38,324 - INFO - Analyzing SSPS05000G...
2025-12-20 10:31:38,333 - WARNING - Empty text for SSPS05000G
2025-12-20 10:31:38,334 - INFO - Analyzing SVIC81300R...
2025-12-20 10:31:38,963 - INFO - Extracted 21 chunks for SVIC81300R
2025-12-20 10:31:38,963 - INFO -   Processing chunk 1/21...
2025-12-20 10:31:54,869 - INFO -   Processing chunk 2/21...
2025-12-20 10:32:05,249 - INFO -   Processing chunk 3/21...
2025-12-20 10:32:13,973 - INFO -   Processing chunk 4/21...
2025-12-20 10:32:21,866 - INFO -   Processing chunk 5/21...
2025-12-20 10:32:32,992 - INFO -   Processing chunk 6/21...
2025-12-20 10:32:45,365 - INFO -   Processing chunk 7/21...
2025-12-20 10:32:58,226 - INFO -   Processing chunk 8/21...
2025-12-20 10:33:11,023 - INFO -   Processing chunk 9/21...
2025-12-20 10:33:14,458 - INFO -   Processing chunk 10/21...
2025-12-20 10:33:26,060 - INFO -   Processing chunk 11/21...
2025-12-20 10:33:34,422 - INFO -   Processing chunk 12/21...
2025-12-20 10:33:43,499 - INFO -   Processing chunk 13/21...
2025-12-20 10:33:47,126 - INFO -   Processing chunk 14/21...
2025-12-20 10:33:50,963 - INFO -   Processing chunk 15/21...
2025-12-20 10:33:54,386 - INFO -   Processing chunk 16/21...
2025-12-20 10:34:01,683 - INFO -   Processing chunk 17/21...
2025-12-20 10:34:12,060 - INFO -   Processing chunk 18/21...
2025-12-20 10:34:19,381 - INFO -   Processing chunk 19/21...
2025-12-20 10:34:24,686 - INFO -   Processing chunk 20/21...
2025-12-20 10:34:34,847 - INFO -   Processing chunk 21/21...
2025-12-20 10:34:38,048 - INFO - Collected 64 findings from all chunks
2025-12-20 10:34:38,050 - INFO - Generating final analysis...
2025-12-20 10:35:38,110 - INFO - Starting Stage 2: Deep Activity Analysis for SVIC81300R
2025-12-20 10:35:38,111 - INFO - Stage 2: Deep analyzing 3 activities for SVIC81300R
2025-12-20 10:35:38,111 - INFO -   Analyzing activity 1/3: Moduli di Orientamento
2025-12-20 10:35:43,398 - INFO -   Analyzing activity 2/3: Percorsi ad Indirizzo Musicale
2025-12-20 10:35:48,543 - INFO -   Analyzing activity 3/3: Progetti di Continuità
2025-12-20 10:35:53,426 - INFO - Stage 2 completed: 3 deep analyses generated
2025-12-20 10:35:53,427 - INFO - Starting Stage 3: Narrative Synthesis for SVIC81300R
2025-12-20 10:35:53,427 - INFO - Stage 3: Generating narrative synthesis for SVIC81300R
2025-12-20 10:36:19,851 - INFO - Stage 3 completed for SVIC81300R
2025-12-20 10:36:19,852 - INFO - Starting Stage 4: JSON Validation for SVIC81300R
2025-12-20 10:36:19,852 - INFO - Stage 4: Validating JSON consistency for SVIC81300R
2025-12-20 10:36:19,853 - INFO -   Negativity analysis: 12 negative words in 11 paragraphs = 109.1%
2025-12-20 10:36:19,853 - WARNING -   Applying correction: Report molto negativo (>70% negatività) - riduzione 60%
2025-12-20 10:36:19,853 - INFO -     Corrected 2_3_finalita.finalita_attitudini: 6 → 2
2025-12-20 10:36:19,853 - INFO -     Corrected 2_3_finalita.finalita_interessi: 5 → 2
2025-12-20 10:36:19,853 - INFO -     Corrected 2_3_finalita.finalita_progetto_vita: 5 → 2
2025-12-20 10:36:19,853 - INFO -     Corrected 2_3_finalita.finalita_transizioni_formative: 6 → 2
2025-12-20 10:36:19,854 - INFO -     Corrected 2_3_finalita.finalita_capacita_orientative_opportunita: 6 → 2
2025-12-20 10:36:19,854 - INFO -     Corrected 2_4_obiettivi.obiettivo_ridurre_abbandono: 3 → 1
2025-12-20 10:36:19,854 - INFO -     Corrected 2_4_obiettivi.obiettivo_continuita_territorio: 5 → 2
2025-12-20 10:36:19,854 - INFO -     Corrected 2_4_obiettivi.obiettivo_lifelong_learning: 4 → 2
2025-12-20 10:36:19,854 - INFO -     Corrected 2_5_azioni_sistema.azione_coordinamento_servizi: 3 → 1
2025-12-20 10:36:19,854 - INFO -     Corrected 2_5_azioni_sistema.azione_dialogo_docenti_studenti: 4 → 2
2025-12-20 10:36:19,854 - INFO -     Corrected 2_5_azioni_sistema.azione_rapporto_scuola_genitori: 3 → 1
2025-12-20 10:36:19,855 - INFO -     Corrected 2_5_azioni_sistema.azione_sistema_integrato_inclusione_fragilita: 4 → 2
2025-12-20 10:36:19,855 - INFO -     Corrected 2_6_didattica_orientativa.didattica_da_esperienza_studenti: 4 → 2
2025-12-20 10:36:19,855 - INFO -     Corrected 2_6_didattica_orientativa.didattica_laboratoriale: 6 → 2
2025-12-20 10:36:19,855 - INFO -     Corrected 2_6_didattica_orientativa.didattica_flessibilita_spazi_tempi: 4 → 2
2025-12-20 10:36:19,855 - INFO -     Corrected 2_6_didattica_orientativa.didattica_interdisciplinare: 3 → 1
2025-12-20 10:36:19,855 - INFO -     Corrected 2_7_opzionali_facoltative.opzionali_culturali: 3 → 1
2025-12-20 10:36:19,855 - INFO -     Corrected 2_7_opzionali_facoltative.opzionali_laboratoriali_espressive: 6 → 2
2025-12-20 10:36:19,855 - INFO -   Stage 4 completed: JSON scores reduced proportionally
2025-12-20 10:36:19,855 - WARNING -   JSON scores were corrected based on narrative analysis
2025-12-20 10:36:19,858 - INFO - ✅ Analyzed SVIC81300R in 239.8s
2025-12-20 10:36:24,865 - INFO - Analyzing TAIC80300X...
