🛑 Arresto eventuali istanze precedenti...
pkill -f "streamlit run app/Home.py" || true
streamlit run app/Home.py --server.port 8501

  You can now view your Streamlit app in your browser.

  Local URL: http://localhost:8501
  Network URL: http://192.168.4.117:8501

  For better performance, install the Watchdog module:

  $ xcode-select --install
  $ pip install watchdog
            
2025-12-27 19:32:36.216 Uncaught app execution
Traceback (most recent call last):
  File "/Users/danieledragoni/.pyenv/versions/3.10.12/lib/python3.10/site-packages/streamlit/runtime/scriptrunner/exec_code.py", line 121, in exec_func_with_error_handling
    result = func()
  File "/Users/danieledragoni/.pyenv/versions/3.10.12/lib/python3.10/site-packages/streamlit/runtime/scriptrunner/script_runner.py", line 639, in code_to_exec
    _mpa_v1(self._main_script_path)
  File "/Users/danieledragoni/.pyenv/versions/3.10.12/lib/python3.10/site-packages/streamlit/runtime/scriptrunner/script_runner.py", line 159, in _mpa_v1
    page.run()
  File "/Users/danieledragoni/.pyenv/versions/3.10.12/lib/python3.10/site-packages/streamlit/navigation/page.py", line 297, in run
    exec(code, module.__dict__)
  File "/Users/danieledragoni/git/LIste/app/pages/10_🗂️_Gestione_Dati.py", line 12, in <module>
    from src.utils.backup_system import (
ModuleNotFoundError: No module named 'src'
2025-12-27 19:32:41.756 Uncaught app execution
Traceback (most recent call last):
  File "/Users/danieledragoni/.pyenv/versions/3.10.12/lib/python3.10/site-packages/streamlit/runtime/scriptrunner/exec_code.py", line 121, in exec_func_with_error_handling
    result = func()
  File "/Users/danieledragoni/.pyenv/versions/3.10.12/lib/python3.10/site-packages/streamlit/runtime/scriptrunner/script_runner.py", line 639, in code_to_exec
    _mpa_v1(self._main_script_path)
  File "/Users/danieledragoni/.pyenv/versions/3.10.12/lib/python3.10/site-packages/streamlit/runtime/scriptrunner/script_runner.py", line 159, in _mpa_v1
    page.run()
  File "/Users/danieledragoni/.pyenv/versions/3.10.12/lib/python3.10/site-packages/streamlit/navigation/page.py", line 297, in run
    exec(code, module.__dict__)
  File "/Users/danieledragoni/git/LIste/app/pages/10_🗂️_Gestione_Dati.py", line 12, in <module>
    from src.utils.backup_system import (
ModuleNotFoundError: No module named 'src'
  Stopping...
