
  You can now view your Streamlit app in your browser.

  Local URL: http://localhost:8501
  Network URL: http://192.168.4.116:8501

  For better performance, install the Watchdog module:

  $ xcode-select --install
  $ pip install watchdog
            
2025-12-20 11:21:41.374 Uncaught app execution
Traceback (most recent call last):
  File "/Users/danieledragoni/.pyenv/versions/3.10.12/lib/python3.10/site-packages/streamlit/runtime/scriptrunner/exec_code.py", line 121, in exec_func_with_error_handling
    result = func()
  File "/Users/danieledragoni/.pyenv/versions/3.10.12/lib/python3.10/site-packages/streamlit/runtime/scriptrunner/script_runner.py", line 640, in code_to_exec
    exec(code, module.__dict__)
  File "/Users/danieledragoni/git/LIste/app/dashboard.py", line 200, in <module>
    df = load_data()
  File "/Users/danieledragoni/git/LIste/app/dashboard.py", line 144, in load_data
    df['school_id'] = df.apply(extract_school_id_from_file, axis=1)
  File "/Users/danieledragoni/.pyenv/versions/3.10.12/lib/python3.10/site-packages/pandas/core/frame.py", line 4301, in __setitem__
    self._set_item_frame_value(key, value)
  File "/Users/danieledragoni/.pyenv/versions/3.10.12/lib/python3.10/site-packages/pandas/core/frame.py", line 4429, in _set_item_frame_value
    raise ValueError("Columns must be same length as key")
ValueError: Columns must be same length as key
2025-12-20 11:23:15.536 Uncaught app execution
Traceback (most recent call last):
  File "/Users/danieledragoni/.pyenv/versions/3.10.12/lib/python3.10/site-packages/streamlit/runtime/scriptrunner/exec_code.py", line 121, in exec_func_with_error_handling
    result = func()
  File "/Users/danieledragoni/.pyenv/versions/3.10.12/lib/python3.10/site-packages/streamlit/runtime/scriptrunner/script_runner.py", line 640, in code_to_exec
    exec(code, module.__dict__)
  File "/Users/danieledragoni/git/LIste/app/dashboard.py", line 200, in <module>
    df = load_data()
  File "/Users/danieledragoni/git/LIste/app/dashboard.py", line 144, in load_data
    df['school_id'] = df.apply(extract_school_id_from_file, axis=1)
  File "/Users/danieledragoni/.pyenv/versions/3.10.12/lib/python3.10/site-packages/pandas/core/frame.py", line 4301, in __setitem__
    self._set_item_frame_value(key, value)
  File "/Users/danieledragoni/.pyenv/versions/3.10.12/lib/python3.10/site-packages/pandas/core/frame.py", line 4429, in _set_item_frame_value
    raise ValueError("Columns must be same length as key")
ValueError: Columns must be same length as key
2025-12-20 11:24:35.467 Uncaught app execution
Traceback (most recent call last):
  File "/Users/danieledragoni/.pyenv/versions/3.10.12/lib/python3.10/site-packages/streamlit/runtime/scriptrunner/exec_code.py", line 121, in exec_func_with_error_handling
    result = func()
  File "/Users/danieledragoni/.pyenv/versions/3.10.12/lib/python3.10/site-packages/streamlit/runtime/scriptrunner/script_runner.py", line 640, in code_to_exec
    exec(code, module.__dict__)
  File "/Users/danieledragoni/git/LIste/app/dashboard.py", line 200, in <module>
    df = load_data()
  File "/Users/danieledragoni/git/LIste/app/dashboard.py", line 144, in load_data
    df['school_id'] = df.apply(extract_school_id_from_file, axis=1)
  File "/Users/danieledragoni/.pyenv/versions/3.10.12/lib/python3.10/site-packages/pandas/core/frame.py", line 4301, in __setitem__
    self._set_item_frame_value(key, value)
  File "/Users/danieledragoni/.pyenv/versions/3.10.12/lib/python3.10/site-packages/pandas/core/frame.py", line 4429, in _set_item_frame_value
    raise ValueError("Columns must be same length as key")
ValueError: Columns must be same length as key
2025-12-20 11:24:38.772 Uncaught app execution
Traceback (most recent call last):
  File "/Users/danieledragoni/.pyenv/versions/3.10.12/lib/python3.10/site-packages/streamlit/runtime/scriptrunner/exec_code.py", line 121, in exec_func_with_error_handling
    result = func()
  File "/Users/danieledragoni/.pyenv/versions/3.10.12/lib/python3.10/site-packages/streamlit/runtime/scriptrunner/script_runner.py", line 640, in code_to_exec
    exec(code, module.__dict__)
  File "/Users/danieledragoni/git/LIste/app/dashboard.py", line 200, in <module>
    df = load_data()
  File "/Users/danieledragoni/git/LIste/app/dashboard.py", line 144, in load_data
    df['school_id'] = df.apply(extract_school_id_from_file, axis=1)
  File "/Users/danieledragoni/.pyenv/versions/3.10.12/lib/python3.10/site-packages/pandas/core/frame.py", line 4301, in __setitem__
    self._set_item_frame_value(key, value)
  File "/Users/danieledragoni/.pyenv/versions/3.10.12/lib/python3.10/site-packages/pandas/core/frame.py", line 4429, in _set_item_frame_value
    raise ValueError("Columns must be same length as key")
ValueError: Columns must be same length as key
2025-12-20 11:25:24.459 Uncaught app execution
Traceback (most recent call last):
  File "/Users/danieledragoni/.pyenv/versions/3.10.12/lib/python3.10/site-packages/streamlit/runtime/scriptrunner/exec_code.py", line 121, in exec_func_with_error_handling
    result = func()
  File "/Users/danieledragoni/.pyenv/versions/3.10.12/lib/python3.10/site-packages/streamlit/runtime/scriptrunner/script_runner.py", line 640, in code_to_exec
    exec(code, module.__dict__)
  File "/Users/danieledragoni/git/LIste/app/dashboard.py", line 200, in <module>
    df = load_data()
  File "/Users/danieledragoni/git/LIste/app/dashboard.py", line 144, in load_data
    df['school_id'] = df.apply(extract_school_id_from_file, axis=1)
  File "/Users/danieledragoni/.pyenv/versions/3.10.12/lib/python3.10/site-packages/pandas/core/frame.py", line 4301, in __setitem__
    self._set_item_frame_value(key, value)
  File "/Users/danieledragoni/.pyenv/versions/3.10.12/lib/python3.10/site-packages/pandas/core/frame.py", line 4429, in _set_item_frame_value
    raise ValueError("Columns must be same length as key")
ValueError: Columns must be same length as key
2025-12-20 12:47:24.665 Uncaught app execution
Traceback (most recent call last):
  File "/Users/danieledragoni/.pyenv/versions/3.10.12/lib/python3.10/site-packages/streamlit/runtime/scriptrunner/exec_code.py", line 121, in exec_func_with_error_handling
    result = func()
  File "/Users/danieledragoni/.pyenv/versions/3.10.12/lib/python3.10/site-packages/streamlit/runtime/scriptrunner/script_runner.py", line 640, in code_to_exec
    exec(code, module.__dict__)
  File "/Users/danieledragoni/git/LIste/app/dashboard.py", line 575, in <module>
    school_data = df[df['_display_key'] == school_key].iloc[0]
  File "/Users/danieledragoni/.pyenv/versions/3.10.12/lib/python3.10/site-packages/pandas/core/indexing.py", line 1191, in __getitem__
    return self._getitem_axis(maybe_callable, axis=axis)
  File "/Users/danieledragoni/.pyenv/versions/3.10.12/lib/python3.10/site-packages/pandas/core/indexing.py", line 1752, in _getitem_axis
    self._validate_integer(key, axis)
  File "/Users/danieledragoni/.pyenv/versions/3.10.12/lib/python3.10/site-packages/pandas/core/indexing.py", line 1685, in _validate_integer
    raise IndexError("single positional indexer is out-of-bounds")
IndexError: single positional indexer is out-of-bounds
2025-12-20 12:48:20.977 Uncaught app execution
Traceback (most recent call last):
  File "/Users/danieledragoni/.pyenv/versions/3.10.12/lib/python3.10/site-packages/streamlit/runtime/scriptrunner/exec_code.py", line 121, in exec_func_with_error_handling
    result = func()
  File "/Users/danieledragoni/.pyenv/versions/3.10.12/lib/python3.10/site-packages/streamlit/runtime/scriptrunner/script_runner.py", line 640, in code_to_exec
    exec(code, module.__dict__)
  File "/Users/danieledragoni/git/LIste/app/dashboard.py", line 575, in <module>
    school_data = df[df['_display_key'] == school_key].iloc[0]
  File "/Users/danieledragoni/.pyenv/versions/3.10.12/lib/python3.10/site-packages/pandas/core/indexing.py", line 1191, in __getitem__
    return self._getitem_axis(maybe_callable, axis=axis)
  File "/Users/danieledragoni/.pyenv/versions/3.10.12/lib/python3.10/site-packages/pandas/core/indexing.py", line 1752, in _getitem_axis
    self._validate_integer(key, axis)
  File "/Users/danieledragoni/.pyenv/versions/3.10.12/lib/python3.10/site-packages/pandas/core/indexing.py", line 1685, in _validate_integer
    raise IndexError("single positional indexer is out-of-bounds")
IndexError: single positional indexer is out-of-bounds
2025-12-20 12:48:25.183 Uncaught app execution
Traceback (most recent call last):
  File "/Users/danieledragoni/.pyenv/versions/3.10.12/lib/python3.10/site-packages/streamlit/runtime/scriptrunner/exec_code.py", line 121, in exec_func_with_error_handling
    result = func()
  File "/Users/danieledragoni/.pyenv/versions/3.10.12/lib/python3.10/site-packages/streamlit/runtime/scriptrunner/script_runner.py", line 640, in code_to_exec
    exec(code, module.__dict__)
  File "/Users/danieledragoni/git/LIste/app/dashboard.py", line 575, in <module>
    school_data = df[df['_display_key'] == school_key].iloc[0]
  File "/Users/danieledragoni/.pyenv/versions/3.10.12/lib/python3.10/site-packages/pandas/core/indexing.py", line 1191, in __getitem__
    return self._getitem_axis(maybe_callable, axis=axis)
  File "/Users/danieledragoni/.pyenv/versions/3.10.12/lib/python3.10/site-packages/pandas/core/indexing.py", line 1752, in _getitem_axis
    self._validate_integer(key, axis)
  File "/Users/danieledragoni/.pyenv/versions/3.10.12/lib/python3.10/site-packages/pandas/core/indexing.py", line 1685, in _validate_integer
    raise IndexError("single positional indexer is out-of-bounds")
IndexError: single positional indexer is out-of-bounds
  Stopping...
