2025-12-18 21:07:17,508 - INFO - Found 7 schools with valid PTOF URLs
2025-12-18 21:07:17,508 - INFO - Processing TOPS10000T - ISACCO NEWTON
2025-12-18 21:07:17,508 - INFO - Fetching PTOF page: https://unica.istruzione.gov.it/cercalatuascuola/istituti/TOPS10000T/ptof/
2025-12-18 21:07:18,364 - WARNING - No downloadable PDF found on page
2025-12-18 21:07:19,370 - INFO - Processing TEIS012009 - DELFICO - MONTAUTI
2025-12-18 21:07:19,370 - INFO - Fetching PTOF page: https://unica.istruzione.gov.it/cercalatuascuola/istituti/TEIS012009/ptof/
2025-12-18 21:07:19,645 - WARNING - No downloadable PDF found on page
2025-12-18 21:07:20,648 - INFO - Processing RMIC8C600P - VIA MATTEOTTI
2025-12-18 21:07:20,648 - INFO - Fetching PTOF page: https://unica.istruzione.gov.it/cercalatuascuola/istituti/RMIC8C600P/ptof/
2025-12-18 21:07:20,863 - WARNING - No downloadable PDF found on page
2025-12-18 21:07:21,865 - INFO - Processing AGPC010001 - EMPEDOCLE
2025-12-18 21:07:21,865 - INFO - Fetching PTOF page: https://unica.istruzione.gov.it/cercalatuascuola/istituti/AGPC010001/ptof/
2025-12-18 21:07:22,054 - WARNING - No downloadable PDF found on page
2025-12-18 21:07:23,055 - INFO - Processing KRIS00400C - GIUSEPPE GANGALE
2025-12-18 21:07:23,055 - INFO - Fetching PTOF page: https://unica.istruzione.gov.it/cercalatuascuola/istituti/KRIS00400C/ptof/
2025-12-18 21:07:23,170 - WARNING - No downloadable PDF found on page
2025-12-18 21:07:24,175 - INFO - Processing MIIC8DB00D - DON MILANI
2025-12-18 21:07:24,175 - INFO - Fetching PTOF page: https://unica.istruzione.gov.it/cercalatuascuola/istituti/MIIC8DB00D/ptof/
2025-12-18 21:07:24,291 - WARNING - No downloadable PDF found on page
2025-12-18 21:07:25,293 - INFO - Processing CHIC80700E - P. D. POLLIDORI
2025-12-18 21:07:25,294 - INFO - Fetching PTOF page: https://unica.istruzione.gov.it/cercalatuascuola/istituti/CHIC80700E/ptof/
2025-12-18 21:07:25,628 - WARNING - No downloadable PDF found on page
2025-12-18 21:07:26,632 - INFO - Download complete. Success: 0, Failed: 7
